[0801/141710.130:ERROR:minidumpwritedump_with_crashpad_info.cc(435)] Failed to call MiniDumpWriteDump: アクセスが拒否されました。 (0x80070005)
[0801/141710.131:ERROR:minidumpwritedump_with_crashpad_info.cc(592)] Failed to write minidump file
[0801/141710.131:ERROR:crash_report_exception_handler.cc(132)] TryMiniDumpWriteDumpWithCrashpadInfo failed
[0801/141710.132:ERROR:process_memory_win.cc(73)] ReadMemory at 0x7ff64ba60000 of 64 bytes failed: ReadProcessMemory 要求または WriteProcessMemory 要求の一部だけを完了しました。 (0x12B)
[0801/141710.132:WARNING:pe_image_reader.cc(340)] could not read dos header from C:\Program Files (x86)\Microsoft\Edge\Application\msedge.exe
[0801/141710.133:ERROR:process_memory_win.cc(73)] ReadMemory at 0x7ff93bda0000 of 64 bytes failed: ReadProcessMemory 要求または WriteProcessMemory 要求の一部だけを完了しました。 (0x12B)
[0801/141710.133:WARNING:pe_image_reader.cc(340)] could not read dos header from C:\Windows\SYSTEM32\ntdll.dll
[0801/141710.133:ERROR:process_memory_win.cc(73)] ReadMemory at 0x7ff93a5c0000 of 64 bytes failed: ReadProcessMemory 要求または WriteProcessMemory 要求の一部だけを完了しました。 (0x12B)
[0801/141710.133:WARNING:pe_image_reader.cc(340)] could not read dos header from C:\Windows\System32\KERNEL32.DLL
[0801/141710.133:ERROR:process_memory_win.cc(73)] ReadMemory at 0x7ff9016f0000 of 64 bytes failed: ReadProcessMemory 要求または WriteProcessMemory 要求の一部だけを完了しました。 (0x12B)
[0801/141710.133:WARNING:pe_image_reader.cc(340)] could not read dos header from C:\Program Files (x86)\Microsoft\Edge\Application\84.0.522.50\msedge_elf.dll
[0801/141710.133:ERROR:process_memory_win.cc(73)] ReadMemory at 0x7ff939350000 of 64 bytes failed: ReadProcessMemory 要求または WriteProcessMemory 要求の一部だけを完了しました。 (0x12B)
[0801/141710.133:WARNING:pe_image_reader.cc(340)] could not read dos header from C:\Windows\System32\bcryptPrimitives.dll
[0801/141710.133:ERROR:process_memory_win.cc(73)] ReadMemory at 0x7ff939e50000 of 64 bytes failed: ReadProcessMemory 要求または WriteProcessMemory 要求の一部だけを完了しました。 (0x12B)
[0801/141710.133:WARNING:pe_image_reader.cc(340)] could not read dos header from C:\Windows\System32\ADVAPI32.dll
[0801/141710.133:ERROR:process_memory_win.cc(73)] ReadMemory at 0x7ff93bb10000 of 64 bytes failed: ReadProcessMemory 要求または WriteProcessMemory 要求の一部だけを完了しました。 (0x12B)
[0801/141710.133:WARNING:pe_image_reader.cc(340)] could not read dos header from C:\Windows\System32\msvcrt.dll
[0801/141710.133:ERROR:process_memory_win.cc(73)] ReadMemory at 0x7ff93a6b0000 of 64 bytes failed: ReadProcessMemory 要求または WriteProcessMemory 要求の一部だけを完了しました。 (0x12B)
[0801/141710.133:WARNING:pe_image_reader.cc(340)] could not read dos header from C:\Windows\System32\sechost.dll
[0801/141710.133:ERROR:process_memory_win.cc(73)] ReadMemory at 0x7ff93a750000 of 64 bytes failed: ReadProcessMemory 要求または WriteProcessMemory 要求の一部だけを完了しました。 (0x12B)
[0801/141710.133:WARNING:pe_image_reader.cc(340)] could not read dos header from C:\Windows\System32\RPCRT4.dll
[0801/141710.134:ERROR:process_memory_win.cc(73)] ReadMemory at 0x7ff8ce7d0000 of 64 bytes failed: ReadProcessMemory 要求または WriteProcessMemory 要求の一部だけを完了しました。 (0x12B)
[0801/141710.134:WARNING:pe_image_reader.cc(340)] could not read dos header from C:\Program Files (x86)\Microsoft\Edge\Application\84.0.522.50\msedge.dll
[0801/141710.134:ERROR:process_memory_win.cc(73)] ReadMemory at 0x7ff93b080000 of 64 bytes failed: ReadProcessMemory 要求または WriteProcessMemory 要求の一部だけを完了しました。 (0x12B)
[0801/141710.134:WARNING:pe_image_reader.cc(340)] could not read dos header from C:\Windows\System32\WS2_32.dll
[0801/141710.134:ERROR:process_memory_win.cc(73)] ReadMemory at 0x7ff93b220000 of 64 bytes failed: ReadProcessMemory 要求または WriteProcessMemory 要求の一部だけを完了しました。 (0x12B)
[0801/141710.134:WARNING:pe_image_reader.cc(340)] could not read dos header from C:\Windows\System32\OLEAUT32.dll
[0801/141710.134:ERROR:process_memory_win.cc(73)] ReadMemory at 0x7ff939250000 of 64 bytes failed: ReadProcessMemory 要求または WriteProcessMemory 要求の一部だけを完了しました。 (0x12B)
[0801/141710.135:WARNING:pe_image_reader.cc(340)] could not read dos header from C:\Windows\System32\msvcp_win.dll
[0801/141710.135:ERROR:process_memory_win.cc(73)] ReadMemory at 0x7ff939150000 of 64 bytes failed: ReadProcessMemory 要求または WriteProcessMemory 要求の一部だけを完了しました。 (0x12B)
[0801/141710.135:WARNING:pe_image_reader.cc(340)] could not read dos header from C:\Windows\System32\ucrtbase.dll
[0801/141710.135:ERROR:process_memory_win.cc(73)] ReadMemory at 0x7ff93a0c0000 of 64 bytes failed: ReadProcessMemory 要求または WriteProcessMemory 要求の一部だけを完了しました。 (0x12B)
[0801/141710.135:WARNING:pe_image_reader.cc(340)] could not read dos header from C:\Windows\System32\combase.dll
[0801/141710.135:ERROR:process_memory_win.cc(73)] ReadMemory at 0x7ff9390a0000 of 64 bytes failed: ReadProcessMemory 要求または WriteProcessMemory 要求の一部だけを完了しました。 (0x12B)
[0801/141710.135:WARNING:pe_image_reader.cc(340)] could not read dos header from C:\Windows\System32\WINTRUST.dll
[0801/141710.135:ERROR:process_memory_win.cc(73)] ReadMemory at 0x7ff938c60000 of 64 bytes failed: ReadProcessMemory 要求または WriteProcessMemory 要求の一部だけを完了しました。 (0x12B)
[0801/141710.135:WARNING:pe_image_reader.cc(340)] could not read dos header from C:\Windows\System32\MSASN1.dll
[0801/141710.135:ERROR:process_memory_win.cc(73)] ReadMemory at 0x7ff939570000 of 64 bytes failed: ReadProcessMemory 要求または WriteProcessMemory 要求の一部だけを完了しました。 (0x12B)
[0801/141710.135:WARNING:pe_image_reader.cc(340)] could not read dos header from C:\Windows\System32\CRYPT32.dll
[0801/141710.136:ERROR:process_memory_win.cc(73)] ReadMemory at 0x7ff938130000 of 64 bytes failed: ReadProcessMemory 要求または WriteProcessMemory 要求の一部だけを完了しました。 (0x12B)
[0801/141710.136:WARNING:pe_image_reader.cc(340)] could not read dos header from C:\Windows\SYSTEM32\IPHLPAPI.DLL
[0801/141710.136:ERROR:process_memory_win.cc(73)] ReadMemory at 0x7ff9358c0000 of 64 bytes failed: ReadProcessMemory 要求または WriteProcessMemory 要求の一部だけを完了しました。 (0x12B)
[0801/141710.136:WARNING:pe_image_reader.cc(340)] could not read dos header from C:\Windows\SYSTEM32\WINMM.dll
[0801/141710.136:ERROR:process_memory_win.cc(73)] ReadMemory at 0x7ff927430000 of 64 bytes failed: ReadProcessMemory 要求または WriteProcessMemory 要求の一部だけを完了しました。 (0x12B)
[0801/141710.136:WARNING:pe_image_reader.cc(340)] could not read dos header from C:\Windows\SYSTEM32\Secur32.dll
[0801/141710.136:ERROR:process_memory_win.cc(73)] ReadMemory at 0x7ff938b40000 of 64 bytes failed: ReadProcessMemory 要求または WriteProcessMemory 要求の一部だけを完了しました。 (0x12B)
[0801/141710.136:WARNING:pe_image_reader.cc(340)] could not read dos header from C:\Windows\SYSTEM32\USERENV.dll
[0801/141710.136:ERROR:process_memory_win.cc(73)] ReadMemory at 0x7ff938ca0000 of 64 bytes failed: ReadProcessMemory 要求または WriteProcessMemory 要求の一部だけを完了しました。 (0x12B)
[0801/141710.136:WARNING:pe_image_reader.cc(340)] could not read dos header from C:\Windows\System32\profapi.dll
[0801/141710.136:ERROR:process_memory_win.cc(73)] ReadMemory at 0x7ff913c00000 of 64 bytes failed: ReadProcessMemory 要求または WriteProcessMemory 要求の一部だけを完了しました。 (0x12B)
[0801/141710.136:WARNING:pe_image_reader.cc(340)] could not read dos header from C:\Windows\SYSTEM32\UIAutomationCore.DLL
[0801/141710.136:ERROR:process_memory_win.cc(73)] ReadMemory at 0x7ff92d860000 of 64 bytes failed: ReadProcessMemory 要求または WriteProcessMemory 要求の一部だけを完了しました。 (0x12B)
[0801/141710.136:WARNING:pe_image_reader.cc(340)] could not read dos header from C:\Windows\SYSTEM32\WINHTTP.dll
[0801/141710.136:ERROR:process_memory_win.cc(73)] ReadMemory at 0x7ff92b320000 of 64 bytes failed: ReadProcessMemory 要求または WriteProcessMemory 要求の一部だけを完了しました。 (0x12B)
[0801/141710.136:WARNING:pe_image_reader.cc(340)] could not read dos header from C:\Windows\SYSTEM32\DWrite.dll
[0801/141710.136:ERROR:process_memory_win.cc(73)] ReadMemory at 0x7ff915e70000 of 64 bytes failed: ReadProcessMemory 要求または WriteProcessMemory 要求の一部だけを完了しました。 (0x12B)
[0801/141710.136:WARNING:pe_image_reader.cc(340)] could not read dos header from C:\Windows\SYSTEM32\WINSPOOL.DRV
[0801/141710.136:ERROR:process_memory_win.cc(73)] ReadMemory at 0x7ff938c80000 of 64 bytes failed: ReadProcessMemory 要求または WriteProcessMemory 要求の一部だけを完了しました。 (0x12B)
[0801/141710.136:WARNING:pe_image_reader.cc(340)] could not read dos header from C:\Windows\System32\kernel.appcore.dll
[0801/141710.136:ERROR:process_memory_win.cc(73)] ReadMemory at 0x7ff939320000 of 64 bytes failed: ReadProcessMemory 要求または WriteProcessMemory 要求の一部だけを完了しました。 (0x12B)
[0801/141710.136:WARNING:pe_image_reader.cc(340)] could not read dos header from C:\Windows\System32\bcrypt.dll
[0801/141710.136:ERROR:process_memory_win.cc(73)] ReadMemory at 0x7ff934460000 of 64 bytes failed: ReadProcessMemory 要求または WriteProcessMemory 要求の一部だけを完了しました。 (0x12B)
[0801/141710.136:WARNING:pe_image_reader.cc(340)] could not read dos header from C:\Windows\SYSTEM32\dbghelp.dll
[0801/141710.137:ERROR:process_memory_win.cc(73)] ReadMemory at 0x7ff938730000 of 64 bytes failed: ReadProcessMemory 要求または WriteProcessMemory 要求の一部だけを完了しました。 (0x12B)
[0801/141710.137:WARNING:pe_image_reader.cc(340)] could not read dos header from C:\Windows\SYSTEM32\ncrypt.dll
[0801/141710.137:ERROR:process_memory_win.cc(73)] ReadMemory at 0x7ff9300d0000 of 64 bytes failed: ReadProcessMemory 要求または WriteProcessMemory 要求の一部だけを完了しました。 (0x12B)
[0801/141710.137:WARNING:pe_image_reader.cc(340)] could not read dos header from C:\Windows\SYSTEM32\dhcpcsvc.DLL
[0801/141710.137:ERROR:process_memory_win.cc(73)] ReadMemory at 0x7ff93bbb0000 of 64 bytes failed: ReadProcessMemory 要求または WriteProcessMemory 要求の一部だけを完了しました。 (0x12B)
[0801/141710.137:WARNING:pe_image_reader.cc(340)] could not read dos header from C:\Windows\System32\NSI.dll
[0801/141710.137:ERROR:process_memory_win.cc(73)] ReadMemory at 0x7ff935890000 of 64 bytes failed: ReadProcessMemory 要求または WriteProcessMemory 要求の一部だけを完了しました。 (0x12B)
[0801/141710.137:WARNING:pe_image_reader.cc(340)] could not read dos header from C:\Windows\SYSTEM32\WINMMBASE.dll
[0801/141710.137:ERROR:process_memory_win.cc(73)] ReadMemory at 0x7ff939100000 of 64 bytes failed: ReadProcessMemory 要求または WriteProcessMemory 要求の一部だけを完了しました。 (0x12B)
[0801/141710.137:WARNING:pe_image_reader.cc(340)] could not read dos header from C:\Windows\System32\cfgmgr32.dll
[0801/141710.137:ERROR:process_memory_win.cc(73)] ReadMemory at 0x7ff9355c0000 of 64 bytes failed: ReadProcessMemory 要求または WriteProcessMemory 要求の一部だけを完了しました。 (0x12B)
[0801/141710.137:WARNING:pe_image_reader.cc(340)] could not read dos header from C:\Windows\SYSTEM32\PROPSYS.dll
[0801/141710.137:ERROR:process_memory_win.cc(73)] ReadMemory at 0x7ff93a870000 of 64 bytes failed: ReadProcessMemory 要求または WriteProcessMemory 要求の一部だけを完了しました。 (0x12B)
[0801/141710.137:WARNING:pe_image_reader.cc(340)] could not read dos header from C:\Windows\System32\shcore.dll
[0801/141710.137:ERROR:process_memory_win.cc(73)] ReadMemory at 0x7ff9386f0000 of 64 bytes failed: ReadProcessMemory 要求または WriteProcessMemory 要求の一部だけを完了しました。 (0x12B)
[0801/141710.137:WARNING:pe_image_reader.cc(340)] could not read dos header from C:\Windows\SYSTEM32\NTASN1.dll
[0801/141710.137:ERROR:process_memory_win.cc(73)] ReadMemory at 0x7ff938b70000 of 64 bytes failed: ReadProcessMemory 要求または WriteProcessMemory 要求の一部だけを完了しました。 (0x12B)
[0801/141710.137:WARNING:pe_image_reader.cc(340)] could not read dos header from C:\Windows\SYSTEM32\SSPICLI.DLL
[0801/141710.137:ERROR:process_memory_win.cc(73)] ReadMemory at 0x7ff938590000 of 64 bytes failed: ReadProcessMemory 要求または WriteProcessMemory 要求の一部だけを完了しました。 (0x12B)
[0801/141710.137:WARNING:pe_image_reader.cc(340)] could not read dos header from C:\Windows\SYSTEM32\CRYPTBASE.DLL
[0801/141710.137:ERROR:process_memory_win.cc(73)] ReadMemory at 0x7ff64ba60000 of 64 bytes failed: ReadProcessMemory 要求または WriteProcessMemory 要求の一部だけを完了しました。 (0x12B)
[0801/141710.137:WARNING:pe_image_reader.cc(340)] could not read dos header from C:\Program Files (x86)\Microsoft\Edge\Application\msedge.exe
[0801/141710.138:ERROR:process_memory_win.cc(73)] ReadMemory at 0x7ff64ba60000 of 64 bytes failed: ReadProcessMemory 要求または WriteProcessMemory 要求の一部だけを完了しました。 (0x12B)
[0801/141710.138:WARNING:pe_image_reader.cc(340)] could not read dos header from C:\Program Files (x86)\Microsoft\Edge\Application\msedge.exe
[0801/141710.138:ERROR:process_memory_win.cc(73)] ReadMemory at 0x7ff93bda0000 of 64 bytes failed: ReadProcessMemory 要求または WriteProcessMemory 要求の一部だけを完了しました。 (0x12B)
[0801/141710.138:WARNING:pe_image_reader.cc(340)] could not read dos header from C:\Windows\SYSTEM32\ntdll.dll
[0801/141710.138:ERROR:process_memory_win.cc(73)] ReadMemory at 0x7ff93bda0000 of 64 bytes failed: ReadProcessMemory 要求または WriteProcessMemory 要求の一部だけを完了しました。 (0x12B)
[0801/141710.138:WARNING:pe_image_reader.cc(340)] could not read dos header from C:\Windows\SYSTEM32\ntdll.dll
[0801/141710.138:ERROR:process_memory_win.cc(73)] ReadMemory at 0x7ff93a5c0000 of 64 bytes failed: ReadProcessMemory 要求または WriteProcessMemory 要求の一部だけを完了しました。 (0x12B)
[0801/141710.138:WARNING:pe_image_reader.cc(340)] could not read dos header from C:\Windows\System32\KERNEL32.DLL
[0801/141710.138:ERROR:process_memory_win.cc(73)] ReadMemory at 0x7ff93a5c0000 of 64 bytes failed: ReadProcessMemory 要求または WriteProcessMemory 要求の一部だけを完了しました。 (0x12B)
[0801/141710.138:WARNING:pe_image_reader.cc(340)] could not read dos header from C:\Windows\System32\KERNEL32.DLL
[0801/141710.138:ERROR:process_memory_win.cc(73)] ReadMemory at 0x7ff938d20000 of 64 bytes failed: ReadProcessMemory 要求または WriteProcessMemory 要求の一部だけを完了しました。 (0x12B)
[0801/141710.138:WARNING:pe_image_reader.cc(340)] could not read dos header from C:\Windows\System32\KERNELBASE.dll
[0801/141710.138:ERROR:process_memory_win.cc(73)] ReadMemory at 0x7ff938d20000 of 64 bytes failed: ReadProcessMemory 要求または WriteProcessMemory 要求の一部だけを完了しました。 (0x12B)
[0801/141710.138:WARNING:pe_image_reader.cc(340)] could not read dos header from C:\Windows\System32\KERNELBASE.dll
[0801/141710.138:ERROR:process_memory_win.cc(73)] ReadMemory at 0x7ff9016f0000 of 64 bytes failed: ReadProcessMemory 要求または WriteProcessMemory 要求の一部だけを完了しました。 (0x12B)
[0801/141710.138:WARNING:pe_image_reader.cc(340)] could not read dos header from C:\Program Files (x86)\Microsoft\Edge\Application\84.0.522.50\msedge_elf.dll
[0801/141710.138:ERROR:process_memory_win.cc(73)] ReadMemory at 0x7ff9016f0000 of 64 bytes failed: ReadProcessMemory 要求または WriteProcessMemory 要求の一部だけを完了しました。 (0x12B)
[0801/141710.138:WARNING:pe_image_reader.cc(340)] could not read dos header from C:\Program Files (x86)\Microsoft\Edge\Application\84.0.522.50\msedge_elf.dll
[0801/141710.138:ERROR:process_memory_win.cc(73)] ReadMemory at 0x7ff939350000 of 64 bytes failed: ReadProcessMemory 要求または WriteProcessMemory 要求の一部だけを完了しました。 (0x12B)
[0801/141710.138:WARNING:pe_image_reader.cc(340)] could not read dos header from C:\Windows\System32\bcryptPrimitives.dll
[0801/141710.138:ERROR:process_memory_win.cc(73)] ReadMemory at 0x7ff939350000 of 64 bytes failed: ReadProcessMemory 要求または WriteProcessMemory 要求の一部だけを完了しました。 (0x12B)
[0801/141710.138:WARNING:pe_image_reader.cc(340)] could not read dos header from C:\Windows\System32\bcryptPrimitives.dll
[0801/141710.138:ERROR:process_memory_win.cc(73)] ReadMemory at 0x7ff939e50000 of 64 bytes failed: ReadProcessMemory 要求または WriteProcessMemory 要求の一部だけを完了しました。 (0x12B)
[0801/141710.139:WARNING:pe_image_reader.cc(340)] could not read dos header from C:\Windows\System32\ADVAPI32.dll
[0801/141710.139:ERROR:process_memory_win.cc(73)] ReadMemory at 0x7ff939e50000 of 64 bytes failed: ReadProcessMemory 要求または WriteProcessMemory 要求の一部だけを完了しました。 (0x12B)
[0801/141710.139:WARNING:pe_image_reader.cc(340)] could not read dos header from C:\Windows\System32\ADVAPI32.dll
[0801/141710.139:ERROR:process_memory_win.cc(73)] ReadMemory at 0x7ff93bb10000 of 64 bytes failed: ReadProcessMemory 要求または WriteProcessMemory 要求の一部だけを完了しました。 (0x12B)
[0801/141710.139:WARNING:pe_image_reader.cc(340)] could not read dos header from C:\Windows\System32\msvcrt.dll
[0801/141710.139:ERROR:process_memory_win.cc(73)] ReadMemory at 0x7ff93bb10000 of 64 bytes failed: ReadProcessMemory 要求または WriteProcessMemory 要求の一部だけを完了しました。 (0x12B)
[0801/141710.139:WARNING:pe_image_reader.cc(340)] could not read dos header from C:\Windows\System32\msvcrt.dll
[0801/141710.139:ERROR:process_memory_win.cc(73)] ReadMemory at 0x7ff93a6b0000 of 64 bytes failed: ReadProcessMemory 要求または WriteProcessMemory 要求の一部だけを完了しました。 (0x12B)
[0801/141710.139:WARNING:pe_image_reader.cc(340)] could not read dos header from C:\Windows\System32\sechost.dll
[0801/141710.139:ERROR:process_memory_win.cc(73)] ReadMemory at 0x7ff93a6b0000 of 64 bytes failed: ReadProcessMemory 要求または WriteProcessMemory 要求の一部だけを完了しました。 (0x12B)
[0801/141710.139:WARNING:pe_image_reader.cc(340)] could not read dos header from C:\Windows\System32\sechost.dll
[0801/141710.139:ERROR:process_memory_win.cc(73)] ReadMemory at 0x7ff93a750000 of 64 bytes failed: ReadProcessMemory 要求または WriteProcessMemory 要求の一部だけを完了しました。 (0x12B)
[0801/141710.139:WARNING:pe_image_reader.cc(340)] could not read dos header from C:\Windows\System32\RPCRT4.dll
[0801/141710.139:ERROR:process_memory_win.cc(73)] ReadMemory at 0x7ff93a750000 of 64 bytes failed: ReadProcessMemory 要求または WriteProcessMemory 要求の一部だけを完了しました。 (0x12B)
[0801/141710.139:WARNING:pe_image_reader.cc(340)] could not read dos header from C:\Windows\System32\RPCRT4.dll
[0801/141710.140:ERROR:process_memory_win.cc(73)] ReadMemory at 0x7ff8ce7d0000 of 64 bytes failed: ReadProcessMemory 要求または WriteProcessMemory 要求の一部だけを完了しました。 (0x12B)
[0801/141710.140:WARNING:pe_image_reader.cc(340)] could not read dos header from C:\Program Files (x86)\Microsoft\Edge\Application\84.0.522.50\msedge.dll
[0801/141710.140:ERROR:process_memory_win.cc(73)] ReadMemory at 0x7ff8ce7d0000 of 64 bytes failed: ReadProcessMemory 要求または WriteProcessMemory 要求の一部だけを完了しました。 (0x12B)
[0801/141710.140:WARNING:pe_image_reader.cc(340)] could not read dos header from C:\Program Files (x86)\Microsoft\Edge\Application\84.0.522.50\msedge.dll
[0801/141710.140:ERROR:process_memory_win.cc(73)] ReadMemory at 0x7ff93b080000 of 64 bytes failed: ReadProcessMemory 要求または WriteProcessMemory 要求の一部だけを完了しました。 (0x12B)
[0801/141710.140:WARNING:pe_image_reader.cc(340)] could not read dos header from C:\Windows\System32\WS2_32.dll
[0801/141710.140:ERROR:process_memory_win.cc(73)] ReadMemory at 0x7ff93b080000 of 64 bytes failed: ReadProcessMemory 要求または WriteProcessMemory 要求の一部だけを完了しました。 (0x12B)
[0801/141710.140:WARNING:pe_image_reader.cc(340)] could not read dos header from C:\Windows\System32\WS2_32.dll
[0801/141710.140:ERROR:process_memory_win.cc(73)] ReadMemory at 0x7ff93b220000 of 64 bytes failed: ReadProcessMemory 要求または WriteProcessMemory 要求の一部だけを完了しました。 (0x12B)
[0801/141710.140:WARNING:pe_image_reader.cc(340)] could not read dos header from C:\Windows\System32\OLEAUT32.dll
[0801/141710.140:ERROR:process_memory_win.cc(73)] ReadMemory at 0x7ff93b220000 of 64 bytes failed: ReadProcessMemory 要求または WriteProcessMemory 要求の一部だけを完了しました。 (0x12B)
[0801/141710.140:WARNING:pe_image_reader.cc(340)] could not read dos header from C:\Windows\System32\OLEAUT32.dll
[0801/141710.140:ERROR:process_memory_win.cc(73)] ReadMemory at 0x7ff939250000 of 64 bytes failed: ReadProcessMemory 要求または WriteProcessMemory 要求の一部だけを完了しました。 (0x12B)
[0801/141710.140:WARNING:pe_image_reader.cc(340)] could not read dos header from C:\Windows\System32\msvcp_win.dll
[0801/141710.141:ERROR:process_memory_win.cc(73)] ReadMemory at 0x7ff939250000 of 64 bytes failed: ReadProcessMemory 要求または WriteProcessMemory 要求の一部だけを完了しました。 (0x12B)
[0801/141710.141:WARNING:pe_image_reader.cc(340)] could not read dos header from C:\Windows\System32\msvcp_win.dll
[0801/141710.141:ERROR:process_memory_win.cc(73)] ReadMemory at 0x7ff939150000 of 64 bytes failed: ReadProcessMemory 要求または WriteProcessMemory 要求の一部だけを完了しました。 (0x12B)
[0801/141710.141:WARNING:pe_image_reader.cc(340)] could not read dos header from C:\Windows\System32\ucrtbase.dll
[0801/141710.141:ERROR:process_memory_win.cc(73)] ReadMemory at 0x7ff939150000 of 64 bytes failed: ReadProcessMemory 要求または WriteProcessMemory 要求の一部だけを完了しました。 (0x12B)
[0801/141710.141:WARNING:pe_image_reader.cc(340)] could not read dos header from C:\Windows\System32\ucrtbase.dll
[0801/141710.141:ERROR:process_memory_win.cc(73)] ReadMemory at 0x7ff93a0c0000 of 64 bytes failed: ReadProcessMemory 要求または WriteProcessMemory 要求の一部だけを完了しました。 (0x12B)
[0801/141710.141:WARNING:pe_image_reader.cc(340)] could not read dos header from C:\Windows\System32\combase.dll
[0801/141710.141:ERROR:process_memory_win.cc(73)] ReadMemory at 0x7ff93a0c0000 of 64 bytes failed: ReadProcessMemory 要求または WriteProcessMemory 要求の一部だけを完了しました。 (0x12B)
[0801/141710.141:WARNING:pe_image_reader.cc(340)] could not read dos header from C:\Windows\System32\combase.dll
[0801/141710.141:ERROR:process_memory_win.cc(73)] ReadMemory at 0x7ff9390a0000 of 64 bytes failed: ReadProcessMemory 要求または WriteProcessMemory 要求の一部だけを完了しました。 (0x12B)
[0801/141710.141:WARNING:pe_image_reader.cc(340)] could not read dos header from C:\Windows\System32\WINTRUST.dll
[0801/141710.141:ERROR:process_memory_win.cc(73)] ReadMemory at 0x7ff9390a0000 of 64 bytes failed: ReadProcessMemory 要求または WriteProcessMemory 要求の一部だけを完了しました。 (0x12B)
[0801/141710.141:WARNING:pe_image_reader.cc(340)] could not read dos header from C:\Windows\System32\WINTRUST.dll
[0801/141710.141:ERROR:process_memory_win.cc(73)] ReadMemory at 0x7ff938c60000 of 64 bytes failed: ReadProcessMemory 要求または WriteProcessMemory 要求の一部だけを完了しました。 (0x12B)
[0801/141710.141:WARNING:pe_image_reader.cc(340)] could not read dos header from C:\Windows\System32\MSASN1.dll
[0801/141710.141:ERROR:process_memory_win.cc(73)] ReadMemory at 0x7ff938c60000 of 64 bytes failed: ReadProcessMemory 要求または WriteProcessMemory 要求の一部だけを完了しました。 (0x12B)
[0801/141710.141:WARNING:pe_image_reader.cc(340)] could not read dos header from C:\Windows\System32\MSASN1.dll
[0801/141710.141:ERROR:process_memory_win.cc(73)] ReadMemory at 0x7ff939570000 of 64 bytes failed: ReadProcessMemory 要求または WriteProcessMemory 要求の一部だけを完了しました。 (0x12B)
[0801/141710.141:WARNING:pe_image_reader.cc(340)] could not read dos header from C:\Windows\System32\CRYPT32.dll
[0801/141710.142:ERROR:process_memory_win.cc(73)] ReadMemory at 0x7ff939570000 of 64 bytes failed: ReadProcessMemory 要求または WriteProcessMemory 要求の一部だけを完了しました。 (0x12B)
[0801/141710.142:WARNING:pe_image_reader.cc(340)] could not read dos header from C:\Windows\System32\CRYPT32.dll
[0801/141710.142:ERROR:process_memory_win.cc(73)] ReadMemory at 0x7ff938130000 of 64 bytes failed: ReadProcessMemory 要求または WriteProcessMemory 要求の一部だけを完了しました。 (0x12B)
[0801/141710.142:WARNING:pe_image_reader.cc(340)] could not read dos header from C:\Windows\SYSTEM32\IPHLPAPI.DLL
[0801/141710.142:ERROR:process_memory_win.cc(73)] ReadMemory at 0x7ff938130000 of 64 bytes failed: ReadProcessMemory 要求または WriteProcessMemory 要求の一部だけを完了しました。 (0x12B)
[0801/141710.142:WARNING:pe_image_reader.cc(340)] could not read dos header from C:\Windows\SYSTEM32\IPHLPAPI.DLL
[0801/141710.142:ERROR:process_memory_win.cc(73)] ReadMemory at 0x7ff9358c0000 of 64 bytes failed: ReadProcessMemory 要求または WriteProcessMemory 要求の一部だけを完了しました。 (0x12B)
[0801/141710.142:WARNING:pe_image_reader.cc(340)] could not read dos header from C:\Windows\SYSTEM32\WINMM.dll
[0801/141710.142:ERROR:process_memory_win.cc(73)] ReadMemory at 0x7ff9358c0000 of 64 bytes failed: ReadProcessMemory 要求または WriteProcessMemory 要求の一部だけを完了しました。 (0x12B)
[0801/141710.142:WARNING:pe_image_reader.cc(340)] could not read dos header from C:\Windows\SYSTEM32\WINMM.dll
[0801/141710.142:ERROR:process_memory_win.cc(73)] ReadMemory at 0x7ff927430000 of 64 bytes failed: ReadProcessMemory 要求または WriteProcessMemory 要求の一部だけを完了しました。 (0x12B)
[0801/141710.142:WARNING:pe_image_reader.cc(340)] could not read dos header from C:\Windows\SYSTEM32\Secur32.dll
[0801/141710.142:ERROR:process_memory_win.cc(73)] ReadMemory at 0x7ff927430000 of 64 bytes failed: ReadProcessMemory 要求または WriteProcessMemory 要求の一部だけを完了しました。 (0x12B)
[0801/141710.142:WARNING:pe_image_reader.cc(340)] could not read dos header from C:\Windows\SYSTEM32\Secur32.dll
[0801/141710.142:ERROR:process_memory_win.cc(73)] ReadMemory at 0x7ff938b40000 of 64 bytes failed: ReadProcessMemory 要求または WriteProcessMemory 要求の一部だけを完了しました。 (0x12B)
[0801/141710.142:WARNING:pe_image_reader.cc(340)] could not read dos header from C:\Windows\SYSTEM32\USERENV.dll
[0801/141710.142:ERROR:process_memory_win.cc(73)] ReadMemory at 0x7ff938b40000 of 64 bytes failed: ReadProcessMemory 要求または WriteProcessMemory 要求の一部だけを完了しました。 (0x12B)
[0801/141710.142:WARNING:pe_image_reader.cc(340)] could not read dos header from C:\Windows\SYSTEM32\USERENV.dll
[0801/141710.142:ERROR:process_memory_win.cc(73)] ReadMemory at 0x7ff938ca0000 of 64 bytes failed: ReadProcessMemory 要求または WriteProcessMemory 要求の一部だけを完了しました。 (0x12B)
[0801/141710.142:WARNING:pe_image_reader.cc(340)] could not read dos header from C:\Windows\System32\profapi.dll
[0801/141710.143:ERROR:process_memory_win.cc(73)] ReadMemory at 0x7ff938ca0000 of 64 bytes failed: ReadProcessMemory 要求または WriteProcessMemory 要求の一部だけを完了しました。 (0x12B)
[0801/141710.143:WARNING:pe_image_reader.cc(340)] could not read dos header from C:\Windows\System32\profapi.dll
[0801/141710.143:ERROR:process_memory_win.cc(73)] ReadMemory at 0x7ff913c00000 of 64 bytes failed: ReadProcessMemory 要求または WriteProcessMemory 要求の一部だけを完了しました。 (0x12B)
[0801/141710.143:WARNING:pe_image_reader.cc(340)] could not read dos header from C:\Windows\SYSTEM32\UIAutomationCore.DLL
[0801/141710.143:ERROR:process_memory_win.cc(73)] ReadMemory at 0x7ff913c00000 of 64 bytes failed: ReadProcessMemory 要求または WriteProcessMemory 要求の一部だけを完了しました。 (0x12B)
[0801/141710.143:WARNING:pe_image_reader.cc(340)] could not read dos header from C:\Windows\SYSTEM32\UIAutomationCore.DLL
[0801/141710.143:ERROR:process_memory_win.cc(73)] ReadMemory at 0x7ff92d860000 of 64 bytes failed: ReadProcessMemory 要求または WriteProcessMemory 要求の一部だけを完了しました。 (0x12B)
[0801/141710.143:WARNING:pe_image_reader.cc(340)] could not read dos header from C:\Windows\SYSTEM32\WINHTTP.dll
[0801/141710.143:ERROR:process_memory_win.cc(73)] ReadMemory at 0x7ff92d860000 of 64 bytes failed: ReadProcessMemory 要求または WriteProcessMemory 要求の一部だけを完了しました。 (0x12B)
[0801/141710.143:WARNING:pe_image_reader.cc(340)] could not read dos header from C:\Windows\SYSTEM32\WINHTTP.dll
[0801/141710.143:ERROR:process_memory_win.cc(73)] ReadMemory at 0x7ff92b320000 of 64 bytes failed: ReadProcessMemory 要求または WriteProcessMemory 要求の一部だけを完了しました。 (0x12B)
[0801/141710.143:WARNING:pe_image_reader.cc(340)] could not read dos header from C:\Windows\SYSTEM32\DWrite.dll
[0801/141710.143:ERROR:process_memory_win.cc(73)] ReadMemory at 0x7ff92b320000 of 64 bytes failed: ReadProcessMemory 要求または WriteProcessMemory 要求の一部だけを完了しました。 (0x12B)
[0801/141710.143:WARNING:pe_image_reader.cc(340)] could not read dos header from C:\Windows\SYSTEM32\DWrite.dll
[0801/141710.143:ERROR:process_memory_win.cc(73)] ReadMemory at 0x7ff915e70000 of 64 bytes failed: ReadProcessMemory 要求または WriteProcessMemory 要求の一部だけを完了しました。 (0x12B)
[0801/141710.143:WARNING:pe_image_reader.cc(340)] could not read dos header from C:\Windows\SYSTEM32\WINSPOOL.DRV
[0801/141710.143:ERROR:process_memory_win.cc(73)] ReadMemory at 0x7ff915e70000 of 64 bytes failed: ReadProcessMemory 要求または WriteProcessMemory 要求の一部だけを完了しました。 (0x12B)
[0801/141710.143:WARNING:pe_image_reader.cc(340)] could not read dos header from C:\Windows\SYSTEM32\WINSPOOL.DRV
[0801/141710.143:ERROR:process_memory_win.cc(73)] ReadMemory at 0x7ff938c80000 of 64 bytes failed: ReadProcessMemory 要求または WriteProcessMemory 要求の一部だけを完了しました。 (0x12B)
[0801/141710.143:WARNING:pe_image_reader.cc(340)] could not read dos header from C:\Windows\System32\kernel.appcore.dll
[0801/141710.143:ERROR:process_memory_win.cc(73)] ReadMemory at 0x7ff938c80000 of 64 bytes failed: ReadProcessMemory 要求または WriteProcessMemory 要求の一部だけを完了しました。 (0x12B)
[0801/141710.143:WARNING:pe_image_reader.cc(340)] could not read dos header from C:\Windows\System32\kernel.appcore.dll
[0801/141710.143:ERROR:process_memory_win.cc(73)] ReadMemory at 0x7ff939320000 of 64 bytes failed: ReadProcessMemory 要求または WriteProcessMemory 要求の一部だけを完了しました。 (0x12B)
[0801/141710.143:WARNING:pe_image_reader.cc(340)] could not read dos header from C:\Windows\System32\bcrypt.dll
[0801/141710.143:ERROR:process_memory_win.cc(73)] ReadMemory at 0x7ff939320000 of 64 bytes failed: ReadProcessMemory 要求または WriteProcessMemory 要求の一部だけを完了しました。 (0x12B)
[0801/141710.143:WARNING:pe_image_reader.cc(340)] could not read dos header from C:\Windows\System32\bcrypt.dll
[0801/141710.143:ERROR:process_memory_win.cc(73)] ReadMemory at 0x7ff934460000 of 64 bytes failed: ReadProcessMemory 要求または WriteProcessMemory 要求の一部だけを完了しました。 (0x12B)
[0801/141710.143:WARNING:pe_image_reader.cc(340)] could not read dos header from C:\Windows\SYSTEM32\dbghelp.dll
[0801/141710.143:ERROR:process_memory_win.cc(73)] ReadMemory at 0x7ff934460000 of 64 bytes failed: ReadProcessMemory 要求または WriteProcessMemory 要求の一部だけを完了しました。 (0x12B)
[0801/141710.144:WARNING:pe_image_reader.cc(340)] could not read dos header from C:\Windows\SYSTEM32\dbghelp.dll
[0801/141710.144:ERROR:process_memory_win.cc(73)] ReadMemory at 0x7ff938730000 of 64 bytes failed: ReadProcessMemory 要求または WriteProcessMemory 要求の一部だけを完了しました。 (0x12B)
[0801/141710.144:WARNING:pe_image_reader.cc(340)] could not read dos header from C:\Windows\SYSTEM32\ncrypt.dll
[0801/141710.144:ERROR:process_memory_win.cc(73)] ReadMemory at 0x7ff938730000 of 64 bytes failed: ReadProcessMemory 要求または WriteProcessMemory 要求の一部だけを完了しました。 (0x12B)
[0801/141710.144:WARNING:pe_image_reader.cc(340)] could not read dos header from C:\Windows\SYSTEM32\ncrypt.dll
[0801/141710.144:ERROR:process_memory_win.cc(73)] ReadMemory at 0x7ff9300d0000 of 64 bytes failed: ReadProcessMemory 要求または WriteProcessMemory 要求の一部だけを完了しました。 (0x12B)
[0801/141710.144:WARNING:pe_image_reader.cc(340)] could not read dos header from C:\Windows\SYSTEM32\dhcpcsvc.DLL
[0801/141710.144:ERROR:process_memory_win.cc(73)] ReadMemory at 0x7ff9300d0000 of 64 bytes failed: ReadProcessMemory 要求または WriteProcessMemory 要求の一部だけを完了しました。 (0x12B)
[0801/141710.144:WARNING:pe_image_reader.cc(340)] could not read dos header from C:\Windows\SYSTEM32\dhcpcsvc.DLL
[0801/141710.144:ERROR:process_memory_win.cc(73)] ReadMemory at 0x7ff93bbb0000 of 64 bytes failed: ReadProcessMemory 要求または WriteProcessMemory 要求の一部だけを完了しました。 (0x12B)
[0801/141710.144:WARNING:pe_image_reader.cc(340)] could not read dos header from C:\Windows\System32\NSI.dll
[0801/141710.144:ERROR:process_memory_win.cc(73)] ReadMemory at 0x7ff93bbb0000 of 64 bytes failed: ReadProcessMemory 要求または WriteProcessMemory 要求の一部だけを完了しました。 (0x12B)
[0801/141710.145:WARNING:pe_image_reader.cc(340)] could not read dos header from C:\Windows\System32\NSI.dll
[0801/141710.145:ERROR:process_memory_win.cc(73)] ReadMemory at 0x7ff935890000 of 64 bytes failed: ReadProcessMemory 要求または WriteProcessMemory 要求の一部だけを完了しました。 (0x12B)
[0801/141710.145:WARNING:pe_image_reader.cc(340)] could not read dos header from C:\Windows\SYSTEM32\WINMMBASE.dll
[0801/141710.145:ERROR:process_memory_win.cc(73)] ReadMemory at 0x7ff935890000 of 64 bytes failed: ReadProcessMemory 要求または WriteProcessMemory 要求の一部だけを完了しました。 (0x12B)
[0801/141710.145:WARNING:pe_image_reader.cc(340)] could not read dos header from C:\Windows\SYSTEM32\WINMMBASE.dll
[0801/141710.145:ERROR:process_memory_win.cc(73)] ReadMemory at 0x7ff939100000 of 64 bytes failed: ReadProcessMemory 要求または WriteProcessMemory 要求の一部だけを完了しました。 (0x12B)
[0801/141710.145:WARNING:pe_image_reader.cc(340)] could not read dos header from C:\Windows\System32\cfgmgr32.dll
[0801/141710.145:ERROR:process_memory_win.cc(73)] ReadMemory at 0x7ff939100000 of 64 bytes failed: ReadProcessMemory 要求または WriteProcessMemory 要求の一部だけを完了しました。 (0x12B)
[0801/141710.145:WARNING:pe_image_reader.cc(340)] could not read dos header from C:\Windows\System32\cfgmgr32.dll
[0801/141710.145:ERROR:process_memory_win.cc(73)] ReadMemory at 0x7ff9355c0000 of 64 bytes failed: ReadProcessMemory 要求または WriteProcessMemory 要求の一部だけを完了しました。 (0x12B)
[0801/141710.145:WARNING:pe_image_reader.cc(340)] could not read dos header from C:\Windows\SYSTEM32\PROPSYS.dll
[0801/141710.145:ERROR:process_memory_win.cc(73)] ReadMemory at 0x7ff9355c0000 of 64 bytes failed: ReadProcessMemory 要求または WriteProcessMemory 要求の一部だけを完了しました。 (0x12B)
[0801/141710.145:WARNING:pe_image_reader.cc(340)] could not read dos header from C:\Windows\SYSTEM32\PROPSYS.dll
[0801/141710.145:ERROR:process_memory_win.cc(73)] ReadMemory at 0x7ff93a870000 of 64 bytes failed: ReadProcessMemory 要求または WriteProcessMemory 要求の一部だけを完了しました。 (0x12B)
[0801/141710.145:WARNING:pe_image_reader.cc(340)] could not read dos header from C:\Windows\System32\shcore.dll
[0801/141710.146:ERROR:process_memory_win.cc(73)] ReadMemory at 0x7ff93a870000 of 64 bytes failed: ReadProcessMemory 要求または WriteProcessMemory 要求の一部だけを完了しました。 (0x12B)
[0801/141710.146:WARNING:pe_image_reader.cc(340)] could not read dos header from C:\Windows\System32\shcore.dll
[0801/141710.146:ERROR:process_memory_win.cc(73)] ReadMemory at 0x7ff9386f0000 of 64 bytes failed: ReadProcessMemory 要求または WriteProcessMemory 要求の一部だけを完了しました。 (0x12B)
[0801/141710.146:WARNING:pe_image_reader.cc(340)] could not read dos header from C:\Windows\SYSTEM32\NTASN1.dll
[0801/141710.146:ERROR:process_memory_win.cc(73)] ReadMemory at 0x7ff9386f0000 of 64 bytes failed: ReadProcessMemory 要求または WriteProcessMemory 要求の一部だけを完了しました。 (0x12B)
[0801/141710.146:WARNING:pe_image_reader.cc(340)] could not read dos header from C:\Windows\SYSTEM32\NTASN1.dll
[0801/141710.146:ERROR:process_memory_win.cc(73)] ReadMemory at 0x7ff938b70000 of 64 bytes failed: ReadProcessMemory 要求または WriteProcessMemory 要求の一部だけを完了しました。 (0x12B)
[0801/141710.146:WARNING:pe_image_reader.cc(340)] could not read dos header from C:\Windows\SYSTEM32\SSPICLI.DLL
[0801/141710.146:ERROR:process_memory_win.cc(73)] ReadMemory at 0x7ff938b70000 of 64 bytes failed: ReadProcessMemory 要求または WriteProcessMemory 要求の一部だけを完了しました。 (0x12B)
[0801/141710.146:WARNING:pe_image_reader.cc(340)] could not read dos header from C:\Windows\SYSTEM32\SSPICLI.DLL
[0801/141710.146:ERROR:process_memory_win.cc(73)] ReadMemory at 0x7ff938590000 of 64 bytes failed: ReadProcessMemory 要求または WriteProcessMemory 要求の一部だけを完了しました。 (0x12B)
[0801/141710.146:WARNING:pe_image_reader.cc(340)] could not read dos header from C:\Windows\SYSTEM32\CRYPTBASE.DLL
[0801/141710.146:ERROR:process_memory_win.cc(73)] ReadMemory at 0x7ff938590000 of 64 bytes failed: ReadProcessMemory 要求または WriteProcessMemory 要求の一部だけを完了しました。 (0x12B)
[0801/141710.146:WARNING:pe_image_reader.cc(340)] could not read dos header from C:\Windows\SYSTEM32\CRYPTBASE.DLL
[0801/141710.194:ERROR:process_memory_win.cc(73)] ReadMemory at 0x7ff64ba60000 of 64 bytes failed: ReadProcessMemory 要求または WriteProcessMemory 要求の一部だけを完了しました。 (0x12B)
[0801/141710.194:WARNING:pe_image_reader.cc(340)] could not read dos header from C:\Program Files (x86)\Microsoft\Edge\Application\msedge.exe
[0801/141710.194:ERROR:process_memory_win.cc(73)] ReadMemory at 0x7ff93bda0000 of 64 bytes failed: ReadProcessMemory 要求または WriteProcessMemory 要求の一部だけを完了しました。 (0x12B)
[0801/141710.194:WARNING:pe_image_reader.cc(340)] could not read dos header from C:\Windows\SYSTEM32\ntdll.dll
[0801/141710.194:ERROR:process_memory_win.cc(73)] ReadMemory at 0x7ff93a5c0000 of 64 bytes failed: ReadProcessMemory 要求または WriteProcessMemory 要求の一部だけを完了しました。 (0x12B)
[0801/141710.194:WARNING:pe_image_reader.cc(340)] could not read dos header from C:\Windows\System32\KERNEL32.DLL
[0801/141710.195:ERROR:process_memory_win.cc(73)] ReadMemory at 0x7ff938d20000 of 64 bytes failed: ReadProcessMemory 要求または WriteProcessMemory 要求の一部だけを完了しました。 (0x12B)
[0801/141710.195:WARNING:pe_image_reader.cc(340)] could not read dos header from C:\Windows\System32\KERNELBASE.dll
[0801/141710.195:ERROR:process_memory_win.cc(73)] ReadMemory at 0x7ff9016f0000 of 64 bytes failed: ReadProcessMemory 要求または WriteProcessMemory 要求の一部だけを完了しました。 (0x12B)
[0801/141710.195:WARNING:pe_image_reader.cc(340)] could not read dos header from C:\Program Files (x86)\Microsoft\Edge\Application\84.0.522.50\msedge_elf.dll
[0801/141710.195:ERROR:process_memory_win.cc(73)] ReadMemory at 0x7ff939350000 of 64 bytes failed: ReadProcessMemory 要求または WriteProcessMemory 要求の一部だけを完了しました。 (0x12B)
[0801/141710.195:WARNING:pe_image_reader.cc(340)] could not read dos header from C:\Windows\System32\bcryptPrimitives.dll
[0801/141710.195:ERROR:process_memory_win.cc(73)] ReadMemory at 0x7ff939e50000 of 64 bytes failed: ReadProcessMemory 要求または WriteProcessMemory 要求の一部だけを完了しました。 (0x12B)
[0801/141710.195:WARNING:pe_image_reader.cc(340)] could not read dos header from C:\Windows\System32\ADVAPI32.dll
[0801/141710.195:ERROR:process_memory_win.cc(73)] ReadMemory at 0x7ff93bb10000 of 64 bytes failed: ReadProcessMemory 要求または WriteProcessMemory 要求の一部だけを完了しました。 (0x12B)
[0801/141710.195:WARNING:pe_image_reader.cc(340)] could not read dos header from C:\Windows\System32\msvcrt.dll
[0801/141710.195:ERROR:process_memory_win.cc(73)] ReadMemory at 0x7ff93a6b0000 of 64 bytes failed: ReadProcessMemory 要求または WriteProcessMemory 要求の一部だけを完了しました。 (0x12B)
[0801/141710.195:WARNING:pe_image_reader.cc(340)] could not read dos header from C:\Windows\System32\sechost.dll
[0801/141710.195:ERROR:process_memory_win.cc(73)] ReadMemory at 0x7ff93a750000 of 64 bytes failed: ReadProcessMemory 要求または WriteProcessMemory 要求の一部だけを完了しました。 (0x12B)
[0801/141710.195:WARNING:pe_image_reader.cc(340)] could not read dos header from C:\Windows\System32\RPCRT4.dll
[0801/141710.195:ERROR:process_memory_win.cc(73)] ReadMemory at 0x7ff8ce7d0000 of 64 bytes failed: ReadProcessMemory 要求または WriteProcessMemory 要求の一部だけを完了しました。 (0x12B)
[0801/141710.195:WARNING:pe_image_reader.cc(340)] could not read dos header from C:\Program Files (x86)\Microsoft\Edge\Application\84.0.522.50\msedge.dll
[0801/141710.195:ERROR:process_memory_win.cc(73)] ReadMemory at 0x7ff93b080000 of 64 bytes failed: ReadProcessMemory 要求または WriteProcessMemory 要求の一部だけを完了しました。 (0x12B)
[0801/141710.195:WARNING:pe_image_reader.cc(340)] could not read dos header from C:\Windows\System32\WS2_32.dll
[0801/141710.195:ERROR:process_memory_win.cc(73)] ReadMemory at 0x7ff93b220000 of 64 bytes failed: ReadProcessMemory 要求または WriteProcessMemory 要求の一部だけを完了しました。 (0x12B)
[0801/141710.195:WARNING:pe_image_reader.cc(340)] could not read dos header from C:\Windows\System32\OLEAUT32.dll
[0801/141710.195:ERROR:process_memory_win.cc(73)] ReadMemory at 0x7ff939250000 of 64 bytes failed: ReadProcessMemory 要求または WriteProcessMemory 要求の一部だけを完了しました。 (0x12B)
[0801/141710.195:WARNING:pe_image_reader.cc(340)] could not read dos header from C:\Windows\System32\msvcp_win.dll
[0801/141710.195:ERROR:process_memory_win.cc(73)] ReadMemory at 0x7ff939150000 of 64 bytes failed: ReadProcessMemory 要求または WriteProcessMemory 要求の一部だけを完了しました。 (0x12B)
[0801/141710.195:WARNING:pe_image_reader.cc(340)] could not read dos header from C:\Windows\System32\ucrtbase.dll
[0801/141710.195:ERROR:process_memory_win.cc(73)] ReadMemory at 0x7ff93a0c0000 of 64 bytes failed: ReadProcessMemory 要求または WriteProcessMemory 要求の一部だけを完了しました。 (0x12B)
[0801/141710.195:WARNING:pe_image_reader.cc(340)] could not read dos header from C:\Windows\System32\combase.dll
[0801/141710.195:ERROR:process_memory_win.cc(73)] ReadMemory at 0x7ff9390a0000 of 64 bytes failed: ReadProcessMemory 要求または WriteProcessMemory 要求の一部だけを完了しました。 (0x12B)
[0801/141710.195:WARNING:pe_image_reader.cc(340)] could not read dos header from C:\Windows\System32\WINTRUST.dll
[0801/141710.195:ERROR:process_memory_win.cc(73)] ReadMemory at 0x7ff938c60000 of 64 bytes failed: ReadProcessMemory 要求または WriteProcessMemory 要求の一部だけを完了しました。 (0x12B)
[0801/141710.195:WARNING:pe_image_reader.cc(340)] could not read dos header from C:\Windows\System32\MSASN1.dll
[0801/141710.196:ERROR:process_memory_win.cc(73)] ReadMemory at 0x7ff939570000 of 64 bytes failed: ReadProcessMemory 要求または WriteProcessMemory 要求の一部だけを完了しました。 (0x12B)
[0801/141710.196:WARNING:pe_image_reader.cc(340)] could not read dos header from C:\Windows\System32\CRYPT32.dll
[0801/141710.196:ERROR:process_memory_win.cc(73)] ReadMemory at 0x7ff938130000 of 64 bytes failed: ReadProcessMemory 要求または WriteProcessMemory 要求の一部だけを完了しました。 (0x12B)
[0801/141710.196:WARNING:pe_image_reader.cc(340)] could not read dos header from C:\Windows\SYSTEM32\IPHLPAPI.DLL
[0801/141710.196:ERROR:process_memory_win.cc(73)] ReadMemory at 0x7ff9358c0000 of 64 bytes failed: ReadProcessMemory 要求または WriteProcessMemory 要求の一部だけを完了しました。 (0x12B)
[0801/141710.196:WARNING:pe_image_reader.cc(340)] could not read dos header from C:\Windows\SYSTEM32\WINMM.dll
[0801/141710.196:ERROR:process_memory_win.cc(73)] ReadMemory at 0x7ff927430000 of 64 bytes failed: ReadProcessMemory 要求または WriteProcessMemory 要求の一部だけを完了しました。 (0x12B)
[0801/141710.196:WARNING:pe_image_reader.cc(340)] could not read dos header from C:\Windows\SYSTEM32\Secur32.dll
[0801/141710.196:ERROR:process_memory_win.cc(73)] ReadMemory at 0x7ff938b40000 of 64 bytes failed: ReadProcessMemory 要求または WriteProcessMemory 要求の一部だけを完了しました。 (0x12B)
[0801/141710.196:WARNING:pe_image_reader.cc(340)] could not read dos header from C:\Windows\SYSTEM32\USERENV.dll
[0801/141710.196:ERROR:process_memory_win.cc(73)] ReadMemory at 0x7ff938ca0000 of 64 bytes failed: ReadProcessMemory 要求または WriteProcessMemory 要求の一部だけを完了しました。 (0x12B)
[0801/141710.196:WARNING:pe_image_reader.cc(340)] could not read dos header from C:\Windows\System32\profapi.dll
[0801/141710.196:ERROR:process_memory_win.cc(73)] ReadMemory at 0x7ff913c00000 of 64 bytes failed: ReadProcessMemory 要求または WriteProcessMemory 要求の一部だけを完了しました。 (0x12B)
[0801/141710.196:WARNING:pe_image_reader.cc(340)] could not read dos header from C:\Windows\SYSTEM32\UIAutomationCore.DLL
[0801/141710.196:ERROR:process_memory_win.cc(73)] ReadMemory at 0x7ff92d860000 of 64 bytes failed: ReadProcessMemory 要求または WriteProcessMemory 要求の一部だけを完了しました。 (0x12B)
[0801/141710.196:WARNING:pe_image_reader.cc(340)] could not read dos header from C:\Windows\SYSTEM32\WINHTTP.dll
[0801/141710.196:ERROR:process_memory_win.cc(73)] ReadMemory at 0x7ff92b320000 of 64 bytes failed: ReadProcessMemory 要求または WriteProcessMemory 要求の一部だけを完了しました。 (0x12B)
[0801/141710.196:WARNING:pe_image_reader.cc(340)] could not read dos header from C:\Windows\SYSTEM32\DWrite.dll
[0801/141710.196:ERROR:process_memory_win.cc(73)] ReadMemory at 0x7ff915e70000 of 64 bytes failed: ReadProcessMemory 要求または WriteProcessMemory 要求の一部だけを完了しました。 (0x12B)
[0801/141710.196:WARNING:pe_image_reader.cc(340)] could not read dos header from C:\Windows\SYSTEM32\WINSPOOL.DRV
[0801/141710.196:ERROR:process_memory_win.cc(73)] ReadMemory at 0x7ff938c80000 of 64 bytes failed: ReadProcessMemory 要求または WriteProcessMemory 要求の一部だけを完了しました。 (0x12B)
[0801/141710.196:WARNING:pe_image_reader.cc(340)] could not read dos header from C:\Windows\System32\kernel.appcore.dll
[0801/141710.196:ERROR:process_memory_win.cc(73)] ReadMemory at 0x7ff939320000 of 64 bytes failed: ReadProcessMemory 要求または WriteProcessMemory 要求の一部だけを完了しました。 (0x12B)
[0801/141710.196:WARNING:pe_image_reader.cc(340)] could not read dos header from C:\Windows\System32\bcrypt.dll
[0801/141710.196:ERROR:process_memory_win.cc(73)] ReadMemory at 0x7ff934460000 of 64 bytes failed: ReadProcessMemory 要求または WriteProcessMemory 要求の一部だけを完了しました。 (0x12B)
[0801/141710.196:WARNING:pe_image_reader.cc(340)] could not read dos header from C:\Windows\SYSTEM32\dbghelp.dll
[0801/141710.196:ERROR:process_memory_win.cc(73)] ReadMemory at 0x7ff938730000 of 64 bytes failed: ReadProcessMemory 要求または WriteProcessMemory 要求の一部だけを完了しました。 (0x12B)
[0801/141710.196:WARNING:pe_image_reader.cc(340)] could not read dos header from C:\Windows\SYSTEM32\ncrypt.dll
[0801/141710.196:ERROR:process_memory_win.cc(73)] ReadMemory at 0x7ff9300d0000 of 64 bytes failed: ReadProcessMemory 要求または WriteProcessMemory 要求の一部だけを完了しました。 (0x12B)
[0801/141710.196:WARNING:pe_image_reader.cc(340)] could not read dos header from C:\Windows\SYSTEM32\dhcpcsvc.DLL
[0801/141710.196:ERROR:process_memory_win.cc(73)] ReadMemory at 0x7ff93bbb0000 of 64 bytes failed: ReadProcessMemory 要求または WriteProcessMemory 要求の一部だけを完了しました。 (0x12B)
[0801/141710.196:WARNING:pe_image_reader.cc(340)] could not read dos header from C:\Windows\System32\NSI.dll
[0801/141710.197:ERROR:process_memory_win.cc(73)] ReadMemory at 0x7ff935890000 of 64 bytes failed: ReadProcessMemory 要求または WriteProcessMemory 要求の一部だけを完了しました。 (0x12B)
[0801/141710.197:WARNING:pe_image_reader.cc(340)] could not read dos header from C:\Windows\SYSTEM32\WINMMBASE.dll
[0801/141710.197:ERROR:process_memory_win.cc(73)] ReadMemory at 0x7ff939100000 of 64 bytes failed: ReadProcessMemory 要求または WriteProcessMemory 要求の一部だけを完了しました。 (0x12B)
[0801/141710.197:WARNING:pe_image_reader.cc(340)] could not read dos header from C:\Windows\System32\cfgmgr32.dll
[0801/141710.197:ERROR:process_memory_win.cc(73)] ReadMemory at 0x7ff9355c0000 of 64 bytes failed: ReadProcessMemory 要求または WriteProcessMemory 要求の一部だけを完了しました。 (0x12B)
[0801/141710.197:WARNING:pe_image_reader.cc(340)] could not read dos header from C:\Windows\SYSTEM32\PROPSYS.dll
[0801/141710.197:ERROR:process_memory_win.cc(73)] ReadMemory at 0x7ff93a870000 of 64 bytes failed: ReadProcessMemory 要求または WriteProcessMemory 要求の一部だけを完了しました。 (0x12B)
[0801/141710.197:WARNING:pe_image_reader.cc(340)] could not read dos header from C:\Windows\System32\shcore.dll
[0801/141710.197:ERROR:process_memory_win.cc(73)] ReadMemory at 0x7ff9386f0000 of 64 bytes failed: ReadProcessMemory 要求または WriteProcessMemory 要求の一部だけを完了しました。 (0x12B)
[0801/141710.197:WARNING:pe_image_reader.cc(340)] could not read dos header from C:\Windows\SYSTEM32\NTASN1.dll
[0801/141710.197:ERROR:process_memory_win.cc(73)] ReadMemory at 0x7ff938b70000 of 64 bytes failed: ReadProcessMemory 要求または WriteProcessMemory 要求の一部だけを完了しました。 (0x12B)
[0801/141710.197:WARNING:pe_image_reader.cc(340)] could not read dos header from C:\Windows\SYSTEM32\SSPICLI.DLL
[0801/141710.197:ERROR:process_memory_win.cc(73)] ReadMemory at 0x7ff938590000 of 64 bytes failed: ReadProcessMemory 要求または WriteProcessMemory 要求の一部だけを完了しました。 (0x12B)
[0801/141710.197:WARNING:pe_image_reader.cc(340)] could not read dos header from C:\Windows\SYSTEM32\CRYPTBASE.DLL
[0801/141710.200:ERROR:process_memory_win.cc(73)] ReadMemory at 0x7ff64ba60000 of 64 bytes failed: ReadProcessMemory 要求または WriteProcessMemory 要求の一部だけを完了しました。 (0x12B)
[0801/141710.200:WARNING:pe_image_reader.cc(340)] could not read dos header from C:\Program Files (x86)\Microsoft\Edge\Application\msedge.exe
[0801/141710.200:ERROR:process_memory_win.cc(73)] ReadMemory at 0x7ff93bda0000 of 64 bytes failed: ReadProcessMemory 要求または WriteProcessMemory 要求の一部だけを完了しました。 (0x12B)
[0801/141710.200:WARNING:pe_image_reader.cc(340)] could not read dos header from C:\Windows\SYSTEM32\ntdll.dll
[0801/141710.200:ERROR:process_memory_win.cc(73)] ReadMemory at 0x7ff93a5c0000 of 64 bytes failed: ReadProcessMemory 要求または WriteProcessMemory 要求の一部だけを完了しました。 (0x12B)
[0801/141710.200:WARNING:pe_image_reader.cc(340)] could not read dos header from C:\Windows\System32\KERNEL32.DLL
[0801/141710.200:ERROR:process_memory_win.cc(73)] ReadMemory at 0x7ff938d20000 of 64 bytes failed: ReadProcessMemory 要求または WriteProcessMemory 要求の一部だけを完了しました。 (0x12B)
[0801/141710.200:WARNING:pe_image_reader.cc(340)] could not read dos header from C:\Windows\System32\KERNELBASE.dll
[0801/141710.200:ERROR:process_memory_win.cc(73)] ReadMemory at 0x7ff9016f0000 of 64 bytes failed: ReadProcessMemory 要求または WriteProcessMemory 要求の一部だけを完了しました。 (0x12B)
[0801/141710.200:WARNING:pe_image_reader.cc(340)] could not read dos header from C:\Program Files (x86)\Microsoft\Edge\Application\84.0.522.50\msedge_elf.dll
[0801/141710.200:ERROR:process_memory_win.cc(73)] ReadMemory at 0x7ff939350000 of 64 bytes failed: ReadProcessMemory 要求または WriteProcessMemory 要求の一部だけを完了しました。 (0x12B)
[0801/141710.200:WARNING:pe_image_reader.cc(340)] could not read dos header from C:\Windows\System32\bcryptPrimitives.dll
[0801/141710.200:ERROR:process_memory_win.cc(73)] ReadMemory at 0x7ff939e50000 of 64 bytes failed: ReadProcessMemory 要求または WriteProcessMemory 要求の一部だけを完了しました。 (0x12B)
[0801/141710.200:WARNING:pe_image_reader.cc(340)] could not read dos header from C:\Windows\System32\ADVAPI32.dll
[0801/141710.200:ERROR:process_memory_win.cc(73)] ReadMemory at 0x7ff93bb10000 of 64 bytes failed: ReadProcessMemory 要求または WriteProcessMemory 要求の一部だけを完了しました。 (0x12B)
[0801/141710.200:WARNING:pe_image_reader.cc(340)] could not read dos header from C:\Windows\System32\msvcrt.dll
[0801/141710.200:ERROR:process_memory_win.cc(73)] ReadMemory at 0x7ff93a6b0000 of 64 bytes failed: ReadProcessMemory 要求または WriteProcessMemory 要求の一部だけを完了しました。 (0x12B)
[0801/141710.200:WARNING:pe_image_reader.cc(340)] could not read dos header from C:\Windows\System32\sechost.dll
[0801/141710.200:ERROR:process_memory_win.cc(73)] ReadMemory at 0x7ff93a750000 of 64 bytes failed: ReadProcessMemory 要求または WriteProcessMemory 要求の一部だけを完了しました。 (0x12B)
[0801/141710.200:WARNING:pe_image_reader.cc(340)] could not read dos header from C:\Windows\System32\RPCRT4.dll
[0801/141710.200:ERROR:process_memory_win.cc(73)] ReadMemory at 0x7ff8ce7d0000 of 64 bytes failed: ReadProcessMemory 要求または WriteProcessMemory 要求の一部だけを完了しました。 (0x12B)
[0801/141710.200:WARNING:pe_image_reader.cc(340)] could not read dos header from C:\Program Files (x86)\Microsoft\Edge\Application\84.0.522.50\msedge.dll
[0801/141710.200:ERROR:process_memory_win.cc(73)] ReadMemory at 0x7ff93b080000 of 64 bytes failed: ReadProcessMemory 要求または WriteProcessMemory 要求の一部だけを完了しました。 (0x12B)
[0801/141710.200:WARNING:pe_image_reader.cc(340)] could not read dos header from C:\Windows\System32\WS2_32.dll
[0801/141710.201:ERROR:process_memory_win.cc(73)] ReadMemory at 0x7ff93b220000 of 64 bytes failed: ReadProcessMemory 要求または WriteProcessMemory 要求の一部だけを完了しました。 (0x12B)
[0801/141710.201:WARNING:pe_image_reader.cc(340)] could not read dos header from C:\Windows\System32\OLEAUT32.dll
[0801/141710.201:ERROR:process_memory_win.cc(73)] ReadMemory at 0x7ff939250000 of 64 bytes failed: ReadProcessMemory 要求または WriteProcessMemory 要求の一部だけを完了しました。 (0x12B)
[0801/141710.201:WARNING:pe_image_reader.cc(340)] could not read dos header from C:\Windows\System32\msvcp_win.dll
[0801/141710.201:ERROR:process_memory_win.cc(73)] ReadMemory at 0x7ff939150000 of 64 bytes failed: ReadProcessMemory 要求または WriteProcessMemory 要求の一部だけを完了しました。 (0x12B)
[0801/141710.201:WARNING:pe_image_reader.cc(340)] could not read dos header from C:\Windows\System32\ucrtbase.dll
[0801/141710.201:ERROR:process_memory_win.cc(73)] ReadMemory at 0x7ff93a0c0000 of 64 bytes failed: ReadProcessMemory 要求または WriteProcessMemory 要求の一部だけを完了しました。 (0x12B)
[0801/141710.201:WARNING:pe_image_reader.cc(340)] could not read dos header from C:\Windows\System32\combase.dll
[0801/141710.201:ERROR:process_memory_win.cc(73)] ReadMemory at 0x7ff9390a0000 of 64 bytes failed: ReadProcessMemory 要求または WriteProcessMemory 要求の一部だけを完了しました。 (0x12B)
[0801/141710.201:WARNING:pe_image_reader.cc(340)] could not read dos header from C:\Windows\System32\WINTRUST.dll
[0801/141710.201:ERROR:process_memory_win.cc(73)] ReadMemory at 0x7ff938c60000 of 64 bytes failed: ReadProcessMemory 要求または WriteProcessMemory 要求の一部だけを完了しました。 (0x12B)
[0801/141710.201:WARNING:pe_image_reader.cc(340)] could not read dos header from C:\Windows\System32\MSASN1.dll
[0801/141710.201:ERROR:process_memory_win.cc(73)] ReadMemory at 0x7ff939570000 of 64 bytes failed: ReadProcessMemory 要求または WriteProcessMemory 要求の一部だけを完了しました。 (0x12B)
[0801/141710.201:WARNING:pe_image_reader.cc(340)] could not read dos header from C:\Windows\System32\CRYPT32.dll
[0801/141710.201:ERROR:process_memory_win.cc(73)] ReadMemory at 0x7ff938130000 of 64 bytes failed: ReadProcessMemory 要求または WriteProcessMemory 要求の一部だけを完了しました。 (0x12B)
[0801/141710.201:WARNING:pe_image_reader.cc(340)] could not read dos header from C:\Windows\SYSTEM32\IPHLPAPI.DLL
[0801/141710.201:ERROR:process_memory_win.cc(73)] ReadMemory at 0x7ff9358c0000 of 64 bytes failed: ReadProcessMemory 要求または WriteProcessMemory 要求の一部だけを完了しました。 (0x12B)
[0801/141710.201:WARNING:pe_image_reader.cc(340)] could not read dos header from C:\Windows\SYSTEM32\WINMM.dll
[0801/141710.201:ERROR:process_memory_win.cc(73)] ReadMemory at 0x7ff927430000 of 64 bytes failed: ReadProcessMemory 要求または WriteProcessMemory 要求の一部だけを完了しました。 (0x12B)
[0801/141710.201:WARNING:pe_image_reader.cc(340)] could not read dos header from C:\Windows\SYSTEM32\Secur32.dll
[0801/141710.201:ERROR:process_memory_win.cc(73)] ReadMemory at 0x7ff938b40000 of 64 bytes failed: ReadProcessMemory 要求または WriteProcessMemory 要求の一部だけを完了しました。 (0x12B)
[0801/141710.201:WARNING:pe_image_reader.cc(340)] could not read dos header from C:\Windows\SYSTEM32\USERENV.dll
[0801/141710.201:ERROR:process_memory_win.cc(73)] ReadMemory at 0x7ff938ca0000 of 64 bytes failed: ReadProcessMemory 要求または WriteProcessMemory 要求の一部だけを完了しました。 (0x12B)
[0801/141710.201:WARNING:pe_image_reader.cc(340)] could not read dos header from C:\Windows\System32\profapi.dll
[0801/141710.201:ERROR:process_memory_win.cc(73)] ReadMemory at 0x7ff913c00000 of 64 bytes failed: ReadProcessMemory 要求または WriteProcessMemory 要求の一部だけを完了しました。 (0x12B)
[0801/141710.201:WARNING:pe_image_reader.cc(340)] could not read dos header from C:\Windows\SYSTEM32\UIAutomationCore.DLL
[0801/141710.201:ERROR:process_memory_win.cc(73)] ReadMemory at 0x7ff92d860000 of 64 bytes failed: ReadProcessMemory 要求または WriteProcessMemory 要求の一部だけを完了しました。 (0x12B)
[0801/141710.201:WARNING:pe_image_reader.cc(340)] could not read dos header from C:\Windows\SYSTEM32\WINHTTP.dll
[0801/141710.201:ERROR:process_memory_win.cc(73)] ReadMemory at 0x7ff92b320000 of 64 bytes failed: ReadProcessMemory 要求または WriteProcessMemory 要求の一部だけを完了しました。 (0x12B)
[0801/141710.201:WARNING:pe_image_reader.cc(340)] could not read dos header from C:\Windows\SYSTEM32\DWrite.dll
[0801/141710.201:ERROR:process_memory_win.cc(73)] ReadMemory at 0x7ff915e70000 of 64 bytes failed: ReadProcessMemory 要求または WriteProcessMemory 要求の一部だけを完了しました。 (0x12B)
[0801/141710.201:WARNING:pe_image_reader.cc(340)] could not read dos header from C:\Windows\SYSTEM32\WINSPOOL.DRV
[0801/141710.201:ERROR:process_memory_win.cc(73)] ReadMemory at 0x7ff938c80000 of 64 bytes failed: ReadProcessMemory 要求または WriteProcessMemory 要求の一部だけを完了しました。 (0x12B)
[0801/141710.201:WARNING:pe_image_reader.cc(340)] could not read dos header from C:\Windows\System32\kernel.appcore.dll
[0801/141710.202:ERROR:process_memory_win.cc(73)] ReadMemory at 0x7ff939320000 of 64 bytes failed: ReadProcessMemory 要求または WriteProcessMemory 要求の一部だけを完了しました。 (0x12B)
[0801/141710.202:WARNING:pe_image_reader.cc(340)] could not read dos header from C:\Windows\System32\bcrypt.dll
[0801/141710.202:ERROR:process_memory_win.cc(73)] ReadMemory at 0x7ff934460000 of 64 bytes failed: ReadProcessMemory 要求または WriteProcessMemory 要求の一部だけを完了しました。 (0x12B)
[0801/141710.202:WARNING:pe_image_reader.cc(340)] could not read dos header from C:\Windows\SYSTEM32\dbghelp.dll
[0801/141710.202:ERROR:process_memory_win.cc(73)] ReadMemory at 0x7ff938730000 of 64 bytes failed: ReadProcessMemory 要求または WriteProcessMemory 要求の一部だけを完了しました。 (0x12B)
[0801/141710.202:WARNING:pe_image_reader.cc(340)] could not read dos header from C:\Windows\SYSTEM32\ncrypt.dll
[0801/141710.202:ERROR:process_memory_win.cc(73)] ReadMemory at 0x7ff9300d0000 of 64 bytes failed: ReadProcessMemory 要求または WriteProcessMemory 要求の一部だけを完了しました。 (0x12B)
[0801/141710.202:WARNING:pe_image_reader.cc(340)] could not read dos header from C:\Windows\SYSTEM32\dhcpcsvc.DLL
[0801/141710.202:ERROR:process_memory_win.cc(73)] ReadMemory at 0x7ff93bbb0000 of 64 bytes failed: ReadProcessMemory 要求または WriteProcessMemory 要求の一部だけを完了しました。 (0x12B)
[0801/141710.202:WARNING:pe_image_reader.cc(340)] could not read dos header from C:\Windows\System32\NSI.dll
[0801/141710.202:ERROR:process_memory_win.cc(73)] ReadMemory at 0x7ff935890000 of 64 bytes failed: ReadProcessMemory 要求または WriteProcessMemory 要求の一部だけを完了しました。 (0x12B)
[0801/141710.202:WARNING:pe_image_reader.cc(340)] could not read dos header from C:\Windows\SYSTEM32\WINMMBASE.dll
[0801/141710.202:ERROR:process_memory_win.cc(73)] ReadMemory at 0x7ff939100000 of 64 bytes failed: ReadProcessMemory 要求または WriteProcessMemory 要求の一部だけを完了しました。 (0x12B)
[0801/141710.202:WARNING:pe_image_reader.cc(340)] could not read dos header from C:\Windows\System32\cfgmgr32.dll
[0801/141710.202:ERROR:process_memory_win.cc(73)] ReadMemory at 0x7ff9355c0000 of 64 bytes failed: ReadProcessMemory 要求または WriteProcessMemory 要求の一部だけを完了しました。 (0x12B)
[0801/141710.202:WARNING:pe_image_reader.cc(340)] could not read dos header from C:\Windows\SYSTEM32\PROPSYS.dll
[0801/141710.202:ERROR:process_memory_win.cc(73)] ReadMemory at 0x7ff93a870000 of 64 bytes failed: ReadProcessMemory 要求または WriteProcessMemory 要求の一部だけを完了しました。 (0x12B)
[0801/141710.202:WARNING:pe_image_reader.cc(340)] could not read dos header from C:\Windows\System32\shcore.dll
[0801/141710.202:ERROR:process_memory_win.cc(73)] ReadMemory at 0x7ff9386f0000 of 64 bytes failed: ReadProcessMemory 要求または WriteProcessMemory 要求の一部だけを完了しました。 (0x12B)
[0801/141710.202:WARNING:pe_image_reader.cc(340)] could not read dos header from C:\Windows\SYSTEM32\NTASN1.dll
[0801/141710.202:ERROR:process_memory_win.cc(73)] ReadMemory at 0x7ff938b70000 of 64 bytes failed: ReadProcessMemory 要求または WriteProcessMemory 要求の一部だけを完了しました。 (0x12B)
[0801/141710.202:WARNING:pe_image_reader.cc(340)] could not read dos header from C:\Windows\SYSTEM32\SSPICLI.DLL
[0801/141710.202:ERROR:process_memory_win.cc(73)] ReadMemory at 0x7ff938590000 of 64 bytes failed: ReadProcessMemory 要求または WriteProcessMemory 要求の一部だけを完了しました。 (0x12B)
[0801/141710.202:WARNING:pe_image_reader.cc(340)] could not read dos header from C:\Windows\SYSTEM32\CRYPTBASE.DLL
[0801/141710.202:ERROR:process_memory_win.cc(73)] ReadMemory at 0x7ff64ba60000 of 64 bytes failed: ReadProcessMemory 要求または WriteProcessMemory 要求の一部だけを完了しました。 (0x12B)
[0801/141710.202:WARNING:pe_image_reader.cc(340)] could not read dos header from C:\Program Files (x86)\Microsoft\Edge\Application\msedge.exe
[0801/141710.202:ERROR:process_memory_win.cc(73)] ReadMemory at 0x7ff93bda0000 of 64 bytes failed: ReadProcessMemory 要求または WriteProcessMemory 要求の一部だけを完了しました。 (0x12B)
[0801/141710.202:WARNING:pe_image_reader.cc(340)] could not read dos header from C:\Windows\SYSTEM32\ntdll.dll
[0801/141710.202:ERROR:process_memory_win.cc(73)] ReadMemory at 0x7ff93a5c0000 of 64 bytes failed: ReadProcessMemory 要求または WriteProcessMemory 要求の一部だけを完了しました。 (0x12B)
[0801/141710.202:WARNING:pe_image_reader.cc(340)] could not read dos header from C:\Windows\System32\KERNEL32.DLL
[0801/141710.202:ERROR:process_memory_win.cc(73)] ReadMemory at 0x7ff938d20000 of 64 bytes failed: ReadProcessMemory 要求または WriteProcessMemory 要求の一部だけを完了しました。 (0x12B)
[0801/141710.202:WARNING:pe_image_reader.cc(340)] could not read dos header from C:\Windows\System32\KERNELBASE.dll
[0801/141710.202:ERROR:process_memory_win.cc(73)] ReadMemory at 0x7ff9016f0000 of 64 bytes failed: ReadProcessMemory 要求または WriteProcessMemory 要求の一部だけを完了しました。 (0x12B)
[0801/141710.202:WARNING:pe_image_reader.cc(340)] could not read dos header from C:\Program Files (x86)\Microsoft\Edge\Application\84.0.522.50\msedge_elf.dll
[0801/141710.203:ERROR:process_memory_win.cc(73)] ReadMemory at 0x7ff939350000 of 64 bytes failed: ReadProcessMemory 要求または WriteProcessMemory 要求の一部だけを完了しました。 (0x12B)
[0801/141710.203:WARNING:pe_image_reader.cc(340)] could not read dos header from C:\Windows\System32\bcryptPrimitives.dll
[0801/141710.203:ERROR:process_memory_win.cc(73)] ReadMemory at 0x7ff939e50000 of 64 bytes failed: ReadProcessMemory 要求または WriteProcessMemory 要求の一部だけを完了しました。 (0x12B)
[0801/141710.203:WARNING:pe_image_reader.cc(340)] could not read dos header from C:\Windows\System32\ADVAPI32.dll
[0801/141710.203:ERROR:process_memory_win.cc(73)] ReadMemory at 0x7ff93bb10000 of 64 bytes failed: ReadProcessMemory 要求または WriteProcessMemory 要求の一部だけを完了しました。 (0x12B)
[0801/141710.203:WARNING:pe_image_reader.cc(340)] could not read dos header from C:\Windows\System32\msvcrt.dll
[0801/141710.203:ERROR:process_memory_win.cc(73)] ReadMemory at 0x7ff93a6b0000 of 64 bytes failed: ReadProcessMemory 要求または WriteProcessMemory 要求の一部だけを完了しました。 (0x12B)
[0801/141710.203:WARNING:pe_image_reader.cc(340)] could not read dos header from C:\Windows\System32\sechost.dll
[0801/141710.203:ERROR:process_memory_win.cc(73)] ReadMemory at 0x7ff93a750000 of 64 bytes failed: ReadProcessMemory 要求または WriteProcessMemory 要求の一部だけを完了しました。 (0x12B)
[0801/141710.203:WARNING:pe_image_reader.cc(340)] could not read dos header from C:\Windows\System32\RPCRT4.dll
[0801/141710.203:ERROR:process_memory_win.cc(73)] ReadMemory at 0x7ff8ce7d0000 of 64 bytes failed: ReadProcessMemory 要求または WriteProcessMemory 要求の一部だけを完了しました。 (0x12B)
[0801/141710.203:WARNING:pe_image_reader.cc(340)] could not read dos header from C:\Program Files (x86)\Microsoft\Edge\Application\84.0.522.50\msedge.dll
[0801/141710.203:ERROR:process_memory_win.cc(73)] ReadMemory at 0x7ff93b080000 of 64 bytes failed: ReadProcessMemory 要求または WriteProcessMemory 要求の一部だけを完了しました。 (0x12B)
[0801/141710.203:WARNING:pe_image_reader.cc(340)] could not read dos header from C:\Windows\System32\WS2_32.dll
[0801/141710.203:ERROR:process_memory_win.cc(73)] ReadMemory at 0x7ff93b220000 of 64 bytes failed: ReadProcessMemory 要求または WriteProcessMemory 要求の一部だけを完了しました。 (0x12B)
[0801/141710.203:WARNING:pe_image_reader.cc(340)] could not read dos header from C:\Windows\System32\OLEAUT32.dll
[0801/141710.203:ERROR:process_memory_win.cc(73)] ReadMemory at 0x7ff939250000 of 64 bytes failed: ReadProcessMemory 要求または WriteProcessMemory 要求の一部だけを完了しました。 (0x12B)
[0801/141710.203:WARNING:pe_image_reader.cc(340)] could not read dos header from C:\Windows\System32\msvcp_win.dll
[0801/141710.203:ERROR:process_memory_win.cc(73)] ReadMemory at 0x7ff939150000 of 64 bytes failed: ReadProcessMemory 要求または WriteProcessMemory 要求の一部だけを完了しました。 (0x12B)
[0801/141710.203:WARNING:pe_image_reader.cc(340)] could not read dos header from C:\Windows\System32\ucrtbase.dll
[0801/141710.203:ERROR:process_memory_win.cc(73)] ReadMemory at 0x7ff93a0c0000 of 64 bytes failed: ReadProcessMemory 要求または WriteProcessMemory 要求の一部だけを完了しました。 (0x12B)
[0801/141710.203:WARNING:pe_image_reader.cc(340)] could not read dos header from C:\Windows\System32\combase.dll
[0801/141710.203:ERROR:process_memory_win.cc(73)] ReadMemory at 0x7ff9390a0000 of 64 bytes failed: ReadProcessMemory 要求または WriteProcessMemory 要求の一部だけを完了しました。 (0x12B)
[0801/141710.203:WARNING:pe_image_reader.cc(340)] could not read dos header from C:\Windows\System32\WINTRUST.dll
[0801/141710.203:ERROR:process_memory_win.cc(73)] ReadMemory at 0x7ff938c60000 of 64 bytes failed: ReadProcessMemory 要求または WriteProcessMemory 要求の一部だけを完了しました。 (0x12B)
[0801/141710.203:WARNING:pe_image_reader.cc(340)] could not read dos header from C:\Windows\System32\MSASN1.dll
[0801/141710.203:ERROR:process_memory_win.cc(73)] ReadMemory at 0x7ff939570000 of 64 bytes failed: ReadProcessMemory 要求または WriteProcessMemory 要求の一部だけを完了しました。 (0x12B)
[0801/141710.203:WARNING:pe_image_reader.cc(340)] could not read dos header from C:\Windows\System32\CRYPT32.dll
[0801/141710.203:ERROR:process_memory_win.cc(73)] ReadMemory at 0x7ff938130000 of 64 bytes failed: ReadProcessMemory 要求または WriteProcessMemory 要求の一部だけを完了しました。 (0x12B)
[0801/141710.203:WARNING:pe_image_reader.cc(340)] could not read dos header from C:\Windows\SYSTEM32\IPHLPAPI.DLL
[0801/141710.203:ERROR:process_memory_win.cc(73)] ReadMemory at 0x7ff9358c0000 of 64 bytes failed: ReadProcessMemory 要求または WriteProcessMemory 要求の一部だけを完了しました。 (0x12B)
[0801/141710.204:WARNING:pe_image_reader.cc(340)] could not read dos header from C:\Windows\SYSTEM32\WINMM.dll
[0801/141710.204:ERROR:process_memory_win.cc(73)] ReadMemory at 0x7ff927430000 of 64 bytes failed: ReadProcessMemory 要求または WriteProcessMemory 要求の一部だけを完了しました。 (0x12B)
[0801/141710.204:WARNING:pe_image_reader.cc(340)] could not read dos header from C:\Windows\SYSTEM32\Secur32.dll
[0801/141710.204:ERROR:process_memory_win.cc(73)] ReadMemory at 0x7ff938b40000 of 64 bytes failed: ReadProcessMemory 要求または WriteProcessMemory 要求の一部だけを完了しました。 (0x12B)
[0801/141710.204:WARNING:pe_image_reader.cc(340)] could not read dos header from C:\Windows\SYSTEM32\USERENV.dll
[0801/141710.204:ERROR:process_memory_win.cc(73)] ReadMemory at 0x7ff938ca0000 of 64 bytes failed: ReadProcessMemory 要求または WriteProcessMemory 要求の一部だけを完了しました。 (0x12B)
[0801/141710.204:WARNING:pe_image_reader.cc(340)] could not read dos header from C:\Windows\System32\profapi.dll
[0801/141710.204:ERROR:process_memory_win.cc(73)] ReadMemory at 0x7ff913c00000 of 64 bytes failed: ReadProcessMemory 要求または WriteProcessMemory 要求の一部だけを完了しました。 (0x12B)
[0801/141710.204:WARNING:pe_image_reader.cc(340)] could not read dos header from C:\Windows\SYSTEM32\UIAutomationCore.DLL
[0801/141710.204:ERROR:process_memory_win.cc(73)] ReadMemory at 0x7ff92d860000 of 64 bytes failed: ReadProcessMemory 要求または WriteProcessMemory 要求の一部だけを完了しました。 (0x12B)
[0801/141710.204:WARNING:pe_image_reader.cc(340)] could not read dos header from C:\Windows\SYSTEM32\WINHTTP.dll
[0801/141710.204:ERROR:process_memory_win.cc(73)] ReadMemory at 0x7ff92b320000 of 64 bytes failed: ReadProcessMemory 要求または WriteProcessMemory 要求の一部だけを完了しました。 (0x12B)
[0801/141710.204:WARNING:pe_image_reader.cc(340)] could not read dos header from C:\Windows\SYSTEM32\DWrite.dll
[0801/141710.204:ERROR:process_memory_win.cc(73)] ReadMemory at 0x7ff915e70000 of 64 bytes failed: ReadProcessMemory 要求または WriteProcessMemory 要求の一部だけを完了しました。 (0x12B)
[0801/141710.204:WARNING:pe_image_reader.cc(340)] could not read dos header from C:\Windows\SYSTEM32\WINSPOOL.DRV
[0801/141710.204:ERROR:process_memory_win.cc(73)] ReadMemory at 0x7ff938c80000 of 64 bytes failed: ReadProcessMemory 要求または WriteProcessMemory 要求の一部だけを完了しました。 (0x12B)
[0801/141710.204:WARNING:pe_image_reader.cc(340)] could not read dos header from C:\Windows\System32\kernel.appcore.dll
[0801/141710.204:ERROR:process_memory_win.cc(73)] ReadMemory at 0x7ff939320000 of 64 bytes failed: ReadProcessMemory 要求または WriteProcessMemory 要求の一部だけを完了しました。 (0x12B)
[0801/141710.204:WARNING:pe_image_reader.cc(340)] could not read dos header from C:\Windows\System32\bcrypt.dll
[0801/141710.204:ERROR:process_memory_win.cc(73)] ReadMemory at 0x7ff934460000 of 64 bytes failed: ReadProcessMemory 要求または WriteProcessMemory 要求の一部だけを完了しました。 (0x12B)
[0801/141710.204:WARNING:pe_image_reader.cc(340)] could not read dos header from C:\Windows\SYSTEM32\dbghelp.dll
[0801/141710.204:ERROR:process_memory_win.cc(73)] ReadMemory at 0x7ff938730000 of 64 bytes failed: ReadProcessMemory 要求または WriteProcessMemory 要求の一部だけを完了しました。 (0x12B)
[0801/141710.204:WARNING:pe_image_reader.cc(340)] could not read dos header from C:\Windows\SYSTEM32\ncrypt.dll
[0801/141710.204:ERROR:process_memory_win.cc(73)] ReadMemory at 0x7ff9300d0000 of 64 bytes failed: ReadProcessMemory 要求または WriteProcessMemory 要求の一部だけを完了しました。 (0x12B)
[0801/141710.204:WARNING:pe_image_reader.cc(340)] could not read dos header from C:\Windows\SYSTEM32\dhcpcsvc.DLL
[0801/141710.204:ERROR:process_memory_win.cc(73)] ReadMemory at 0x7ff93bbb0000 of 64 bytes failed: ReadProcessMemory 要求または WriteProcessMemory 要求の一部だけを完了しました。 (0x12B)
[0801/141710.204:WARNING:pe_image_reader.cc(340)] could not read dos header from C:\Windows\System32\NSI.dll
[0801/141710.204:ERROR:process_memory_win.cc(73)] ReadMemory at 0x7ff935890000 of 64 bytes failed: ReadProcessMemory 要求または WriteProcessMemory 要求の一部だけを完了しました。 (0x12B)
[0801/141710.204:WARNING:pe_image_reader.cc(340)] could not read dos header from C:\Windows\SYSTEM32\WINMMBASE.dll
[0801/141710.204:ERROR:process_memory_win.cc(73)] ReadMemory at 0x7ff939100000 of 64 bytes failed: ReadProcessMemory 要求または WriteProcessMemory 要求の一部だけを完了しました。 (0x12B)
[0801/141710.204:WARNING:pe_image_reader.cc(340)] could not read dos header from C:\Windows\System32\cfgmgr32.dll
[0801/141710.204:ERROR:process_memory_win.cc(73)] ReadMemory at 0x7ff9355c0000 of 64 bytes failed: ReadProcessMemory 要求または WriteProcessMemory 要求の一部だけを完了しました。 (0x12B)
[0801/141710.204:WARNING:pe_image_reader.cc(340)] could not read dos header from C:\Windows\SYSTEM32\PROPSYS.dll
[0801/141710.204:ERROR:process_memory_win.cc(73)] ReadMemory at 0x7ff93a870000 of 64 bytes failed: ReadProcessMemory 要求または WriteProcessMemory 要求の一部だけを完了しました。 (0x12B)
[0801/141710.205:WARNING:pe_image_reader.cc(340)] could not read dos header from C:\Windows\System32\shcore.dll
[0801/141710.205:ERROR:process_memory_win.cc(73)] ReadMemory at 0x7ff9386f0000 of 64 bytes failed: ReadProcessMemory 要求または WriteProcessMemory 要求の一部だけを完了しました。 (0x12B)
[0801/141710.205:WARNING:pe_image_reader.cc(340)] could not read dos header from C:\Windows\SYSTEM32\NTASN1.dll
[0801/141710.205:ERROR:process_memory_win.cc(73)] ReadMemory at 0x7ff938b70000 of 64 bytes failed: ReadProcessMemory 要求または WriteProcessMemory 要求の一部だけを完了しました。 (0x12B)
[0801/141710.205:WARNING:pe_image_reader.cc(340)] could not read dos header from C:\Windows\SYSTEM32\SSPICLI.DLL
[0801/141710.205:ERROR:process_memory_win.cc(73)] ReadMemory at 0x7ff938590000 of 64 bytes failed: ReadProcessMemory 要求または WriteProcessMemory 要求の一部だけを完了しました。 (0x12B)
[0801/141710.205:WARNING:pe_image_reader.cc(340)] could not read dos header from C:\Windows\SYSTEM32\CRYPTBASE.DLL
[0801/141710.212:ERROR:process_memory_win.cc(73)] ReadMemory at 0xcaa29e6000 of 106496 bytes failed: ReadProcessMemory 要求または WriteProcessMemory 要求の一部だけを完了しました。 (0x12B)
[0801/141710.212:ERROR:process_memory_win.cc(73)] ReadMemory at 0xcaa31fe000 of 8192 bytes failed: ReadProcessMemory 要求または WriteProcessMemory 要求の一部だけを完了しました。 (0x12B)
[0801/141710.212:ERROR:process_memory_win.cc(73)] ReadMemory at 0xcaa39fd000 of 12288 bytes failed: ReadProcessMemory 要求または WriteProcessMemory 要求の一部だけを完了しました。 (0x12B)
[0801/141710.213:ERROR:process_memory_win.cc(73)] ReadMemory at 0xcaa41fc000 of 16384 bytes failed: ReadProcessMemory 要求または WriteProcessMemory 要求の一部だけを完了しました。 (0x12B)
[0801/141710.213:ERROR:process_memory_win.cc(73)] ReadMemory at 0xcaa49fd000 of 12288 bytes failed: ReadProcessMemory 要求または WriteProcessMemory 要求の一部だけを完了しました。 (0x12B)
[0801/141710.213:ERROR:process_memory_win.cc(73)] ReadMemory at 0xcaa51fc000 of 16384 bytes failed: ReadProcessMemory 要求または WriteProcessMemory 要求の一部だけを完了しました。 (0x12B)
[0801/141710.213:ERROR:process_memory_win.cc(73)] ReadMemory at 0xcaa59fd000 of 12288 bytes failed: ReadProcessMemory 要求または WriteProcessMemory 要求の一部だけを完了しました。 (0x12B)
[0801/141710.213:ERROR:process_memory_win.cc(73)] ReadMemory at 0xcaa61fb000 of 20480 bytes failed: ReadProcessMemory 要求または WriteProcessMemory 要求の一部だけを完了しました。 (0x12B)
[0801/141710.213:ERROR:process_memory_win.cc(73)] ReadMemory at 0xcaa71fd000 of 12288 bytes failed: ReadProcessMemory 要求または WriteProcessMemory 要求の一部だけを完了しました。 (0x12B)
[0801/141710.213:ERROR:process_memory_win.cc(73)] ReadMemory at 0xcaa79f6000 of 40960 bytes failed: ReadProcessMemory 要求または WriteProcessMemory 要求の一部だけを完了しました。 (0x12B)
[0801/141710.213:ERROR:process_memory_win.cc(73)] ReadMemory at 0xcaa81f6000 of 40960 bytes failed: ReadProcessMemory 要求または WriteProcessMemory 要求の一部だけを完了しました。 (0x12B)
[0801/141710.213:ERROR:process_memory_win.cc(73)] ReadMemory at 0xcaa89fd000 of 12288 bytes failed: ReadProcessMemory 要求または WriteProcessMemory 要求の一部だけを完了しました。 (0x12B)
[0801/141710.213:ERROR:process_memory_win.cc(73)] ReadMemory at 0xcaa99fd000 of 12288 bytes failed: ReadProcessMemory 要求または WriteProcessMemory 要求の一部だけを完了しました。 (0x12B)
[0801/141710.213:ERROR:process_memory_win.cc(73)] ReadMemory at 0xcaa69fd000 of 12288 bytes failed: ReadProcessMemory 要求または WriteProcessMemory 要求の一部だけを完了しました。 (0x12B)
[0801/141710.214:ERROR:process_memory_win.cc(73)] ReadMemory at 0xcaa219b000 of 852 bytes failed: ReadProcessMemory 要求または WriteProcessMemory 要求の一部だけを完了しました。 (0x12B)
[0801/141710.214:ERROR:process_memory_win.cc(73)] ReadMemory at 0xcaa219c000 of 6024 bytes failed: ReadProcessMemory 要求または WriteProcessMemory 要求の一部だけを完了しました。 (0x12B)
[0801/141710.214:ERROR:process_memory_win.cc(73)] ReadMemory at 0xcaa219e000 of 6024 bytes failed: ReadProcessMemory 要求または WriteProcessMemory 要求の一部だけを完了しました。 (0x12B)
[0801/141710.214:ERROR:process_memory_win.cc(73)] ReadMemory at 0xcaa21a0000 of 6024 bytes failed: ReadProcessMemory 要求または WriteProcessMemory 要求の一部だけを完了しました。 (0x12B)
[0801/141710.214:ERROR:process_memory_win.cc(73)] ReadMemory at 0xcaa21a2000 of 6024 bytes failed: ReadProcessMemory 要求または WriteProcessMemory 要求の一部だけを完了しました。 (0x12B)
[0801/141710.214:ERROR:process_memory_win.cc(73)] ReadMemory at 0xcaa21a4000 of 6024 bytes failed: ReadProcessMemory 要求または WriteProcessMemory 要求の一部だけを完了しました。 (0x12B)
[0801/141710.214:ERROR:process_memory_win.cc(73)] ReadMemory at 0xcaa21a6000 of 6024 bytes failed: ReadProcessMemory 要求または WriteProcessMemory 要求の一部だけを完了しました。 (0x12B)
[0801/141710.214:ERROR:process_memory_win.cc(73)] ReadMemory at 0xcaa21a8000 of 6024 bytes failed: ReadProcessMemory 要求または WriteProcessMemory 要求の一部だけを完了しました。 (0x12B)
[0801/141710.214:ERROR:process_memory_win.cc(73)] ReadMemory at 0xcaa21aa000 of 6024 bytes failed: ReadProcessMemory 要求または WriteProcessMemory 要求の一部だけを完了しました。 (0x12B)
[0801/141710.214:ERROR:process_memory_win.cc(73)] ReadMemory at 0xcaa21ae000 of 6024 bytes failed: ReadProcessMemory 要求または WriteProcessMemory 要求の一部だけを完了しました。 (0x12B)
[0801/141710.214:ERROR:process_memory_win.cc(73)] ReadMemory at 0xcaa21b0000 of 6024 bytes failed: ReadProcessMemory 要求または WriteProcessMemory 要求の一部だけを完了しました。 (0x12B)
[0801/141710.214:ERROR:process_memory_win.cc(73)] ReadMemory at 0xcaa21b2000 of 6024 bytes failed: ReadProcessMemory 要求または WriteProcessMemory 要求の一部だけを完了しました。 (0x12B)
[0801/141710.215:ERROR:process_memory_win.cc(73)] ReadMemory at 0xcaa21b4000 of 6024 bytes failed: ReadProcessMemory 要求または WriteProcessMemory 要求の一部だけを完了しました。 (0x12B)
[0801/141710.215:ERROR:process_memory_win.cc(73)] ReadMemory at 0xcaa21b8000 of 6024 bytes failed: ReadProcessMemory 要求または WriteProcessMemory 要求の一部だけを完了しました。 (0x12B)
[0801/141710.215:ERROR:process_memory_win.cc(73)] ReadMemory at 0xcaa21bc000 of 6024 bytes failed: ReadProcessMemory 要求または WriteProcessMemory 要求の一部だけを完了しました。 (0x12B)
[0801/141710.215:ERROR:process_memory_win.cc(73)] ReadMemory at 0x1f000000000 of 384 bytes failed: ReadProcessMemory 要求または WriteProcessMemory 要求の一部だけを完了しました。 (0x12B)
[0801/141710.215:ERROR:process_memory_win.cc(73)] ReadMemory at 0x1f0760702c0 of 40 bytes failed: ReadProcessMemory 要求または WriteProcessMemory 要求の一部だけを完了しました。 (0x12B)
[0801/141710.215:ERROR:process_memory_win.cc(73)] ReadMemory at 0x1f0760802c0 of 40 bytes failed: ReadProcessMemory 要求または WriteProcessMemory 要求の一部だけを完了しました。 (0x12B)
[0801/141710.215:ERROR:process_memory_win.cc(73)] ReadMemory at 0x1f0761e02c0 of 40 bytes failed: ReadProcessMemory 要求または WriteProcessMemory 要求の一部だけを完了しました。 (0x12B)
[0801/141710.215:ERROR:process_memory_win.cc(73)] ReadMemory at 0x1f076210ca0 of 512 bytes failed: ReadProcessMemory 要求または WriteProcessMemory 要求の一部だけを完了しました。 (0x12B)
[0801/141710.215:ERROR:process_memory_win.cc(73)] ReadMemory at 0x1f076211180 of 512 bytes failed: ReadProcessMemory 要求または WriteProcessMemory 要求の一部だけを完了しました。 (0x12B)
[0801/141710.215:ERROR:process_memory_win.cc(73)] ReadMemory at 0x1f0762122c0 of 512 bytes failed: ReadProcessMemory 要求または WriteProcessMemory 要求の一部だけを完了しました。 (0x12B)
[0801/141710.215:ERROR:process_memory_win.cc(73)] ReadMemory at 0x1f076212680 of 512 bytes failed: ReadProcessMemory 要求または WriteProcessMemory 要求の一部だけを完了しました。 (0x12B)
[0801/141710.215:ERROR:process_memory_win.cc(73)] ReadMemory at 0x1f0762802c0 of 40 bytes failed: ReadProcessMemory 要求または WriteProcessMemory 要求の一部だけを完了しました。 (0x12B)
[0801/141710.215:ERROR:process_memory_win.cc(73)] ReadMemory at 0x1f076280fe0 of 22820 bytes failed: ReadProcessMemory 要求または WriteProcessMemory 要求の一部だけを完了しました。 (0x12B)
[0801/141710.215:ERROR:process_memory_win.cc(73)] ReadMemory at 0x1f076286910 of 1012 bytes failed: ReadProcessMemory 要求または WriteProcessMemory 要求の一部だけを完了しました。 (0x12B)
[0801/141710.215:ERROR:process_memory_win.cc(73)] ReadMemory at 0x1f076286f58 of 120 bytes failed: ReadProcessMemory 要求または WriteProcessMemory 要求の一部だけを完了しました。 (0x12B)
[0801/141710.216:ERROR:process_memory_win.cc(73)] ReadMemory at 0x1f076286fd2 of 750 bytes failed: ReadProcessMemory 要求または WriteProcessMemory 要求の一部だけを完了しました。 (0x12B)
[0801/141710.216:ERROR:process_memory_win.cc(73)] ReadMemory at 0x1f0762872c2 of 120 bytes failed: ReadProcessMemory 要求または WriteProcessMemory 要求の一部だけを完了しました。 (0x12B)
[0801/141710.216:ERROR:process_memory_win.cc(73)] ReadMemory at 0x1f07628733c of 96 bytes failed: ReadProcessMemory 要求または WriteProcessMemory 要求の一部だけを完了しました。 (0x12B)
[0801/141710.216:ERROR:process_memory_win.cc(73)] ReadMemory at 0x1f0762873b0 of 58 bytes failed: ReadProcessMemory 要求または WriteProcessMemory 要求の一部だけを完了しました。 (0x12B)
[0801/141710.216:ERROR:process_memory_win.cc(73)] ReadMemory at 0x1f0762874b0 of 132 bytes failed: ReadProcessMemory 要求または WriteProcessMemory 要求の一部だけを完了しました。 (0x12B)
[0801/141710.216:ERROR:process_memory_win.cc(73)] ReadMemory at 0x1f076287640 of 132 bytes failed: ReadProcessMemory 要求または WriteProcessMemory 要求の一部だけを完了しました。 (0x12B)
[0801/141710.216:ERROR:process_memory_win.cc(73)] ReadMemory at 0x1f076287750 of 512 bytes failed: ReadProcessMemory 要求または WriteProcessMemory 要求の一部だけを完了しました。 (0x12B)
[0801/141710.216:ERROR:process_memory_win.cc(73)] ReadMemory at 0x1f076287be0 of 132 bytes failed: ReadProcessMemory 要求または WriteProcessMemory 要求の一部だけを完了しました。 (0x12B)
[0801/141710.216:ERROR:process_memory_win.cc(73)] ReadMemory at 0x1f076287d70 of 64 bytes failed: ReadProcessMemory 要求または WriteProcessMemory 要求の一部だけを完了しました。 (0x12B)
[0801/141710.216:ERROR:process_memory_win.cc(73)] ReadMemory at 0x1f076287f30 of 132 bytes failed: ReadProcessMemory 要求または WriteProcessMemory 要求の一部だけを完了しました。 (0x12B)
[0801/141710.216:ERROR:process_memory_win.cc(73)] ReadMemory at 0x1f0762881d0 of 132 bytes failed: ReadProcessMemory 要求または WriteProcessMemory 要求の一部だけを完了しました。 (0x12B)
[0801/141710.216:ERROR:process_memory_win.cc(73)] ReadMemory at 0x1f076288360 of 68 bytes failed: ReadProcessMemory 要求または WriteProcessMemory 要求の一部だけを完了しました。 (0x12B)
[0801/141710.216:ERROR:process_memory_win.cc(73)] ReadMemory at 0x1f0762892e0 of 152 bytes failed: ReadProcessMemory 要求または WriteProcessMemory 要求の一部だけを完了しました。 (0x12B)
[0801/141710.216:ERROR:process_memory_win.cc(73)] ReadMemory at 0x1f07629b590 of 54 bytes failed: ReadProcessMemory 要求または WriteProcessMemory 要求の一部だけを完了しました。 (0x12B)
[0801/141710.216:ERROR:process_memory_win.cc(73)] ReadMemory at 0x1f07629cb00 of 40 bytes failed: ReadProcessMemory 要求または WriteProcessMemory 要求の一部だけを完了しました。 (0x12B)
[0801/141710.216:ERROR:process_memory_win.cc(73)] ReadMemory at 0x1f0762a0050 of 132 bytes failed: ReadProcessMemory 要求または WriteProcessMemory 要求の一部だけを完了しました。 (0x12B)
[0801/141710.216:ERROR:process_memory_win.cc(73)] ReadMemory at 0x1f0762a02f0 of 132 bytes failed: ReadProcessMemory 要求または WriteProcessMemory 要求の一部だけを完了しました。 (0x12B)
[0801/141710.217:ERROR:process_memory_win.cc(73)] ReadMemory at 0x1f0762a0500 of 132 bytes failed: ReadProcessMemory 要求または WriteProcessMemory 要求の一部だけを完了しました。 (0x12B)
[0801/141710.217:ERROR:process_memory_win.cc(73)] ReadMemory at 0x1f0762a0a30 of 132 bytes failed: ReadProcessMemory 要求または WriteProcessMemory 要求の一部だけを完了しました。 (0x12B)
[0801/141710.217:ERROR:process_memory_win.cc(73)] ReadMemory at 0x1f0762a0b60 of 144 bytes failed: ReadProcessMemory 要求または WriteProcessMemory 要求の一部だけを完了しました。 (0x12B)
[0801/141710.217:ERROR:process_memory_win.cc(73)] ReadMemory at 0x1f0762a0c20 of 132 bytes failed: ReadProcessMemory 要求または WriteProcessMemory 要求の一部だけを完了しました。 (0x12B)
[0801/141710.217:ERROR:process_memory_win.cc(73)] ReadMemory at 0x1f0762a0da0 of 132 bytes failed: ReadProcessMemory 要求または WriteProcessMemory 要求の一部だけを完了しました。 (0x12B)
[0801/141710.217:ERROR:process_memory_win.cc(73)] ReadMemory at 0x1f0762a0ed0 of 132 bytes failed: ReadProcessMemory 要求または WriteProcessMemory 要求の一部だけを完了しました。 (0x12B)
[0801/141710.217:ERROR:process_memory_win.cc(73)] ReadMemory at 0x1f0762a1000 of 132 bytes failed: ReadProcessMemory 要求または WriteProcessMemory 要求の一部だけを完了しました。 (0x12B)
[0801/141710.217:ERROR:process_memory_win.cc(73)] ReadMemory at 0x1f0762a1130 of 132 bytes failed: ReadProcessMemory 要求または WriteProcessMemory 要求の一部だけを完了しました。 (0x12B)
[0801/141710.217:ERROR:process_memory_win.cc(73)] ReadMemory at 0x1f0762a1260 of 132 bytes failed: ReadProcessMemory 要求または WriteProcessMemory 要求の一部だけを完了しました。 (0x12B)
[0801/141710.217:ERROR:process_memory_win.cc(73)] ReadMemory at 0x1f0762a1390 of 132 bytes failed: ReadProcessMemory 要求または WriteProcessMemory 要求の一部だけを完了しました。 (0x12B)
[0801/141710.217:ERROR:process_memory_win.cc(73)] ReadMemory at 0x1f0762a1450 of 548 bytes failed: ReadProcessMemory 要求または WriteProcessMemory 要求の一部だけを完了しました。 (0x12B)
[0801/141710.217:ERROR:process_memory_win.cc(73)] ReadMemory at 0x1f0762a1720 of 132 bytes failed: ReadProcessMemory 要求または WriteProcessMemory 要求の一部だけを完了しました。 (0x12B)
[0801/141710.217:ERROR:process_memory_win.cc(73)] ReadMemory at 0x1f0762a1850 of 132 bytes failed: ReadProcessMemory 要求または WriteProcessMemory 要求の一部だけを完了しました。 (0x12B)
[0801/141710.217:ERROR:process_memory_win.cc(73)] ReadMemory at 0x1f0762a1980 of 132 bytes failed: ReadProcessMemory 要求または WriteProcessMemory 要求の一部だけを完了しました。 (0x12B)
[0801/141710.217:ERROR:process_memory_win.cc(73)] ReadMemory at 0x1f0762a1ab0 of 132 bytes failed: ReadProcessMemory 要求または WriteProcessMemory 要求の一部だけを完了しました。 (0x12B)
[0801/141710.217:ERROR:process_memory_win.cc(73)] ReadMemory at 0x1f0762a1be0 of 132 bytes failed: ReadProcessMemory 要求または WriteProcessMemory 要求の一部だけを完了しました。 (0x12B)
[0801/141710.218:ERROR:process_memory_win.cc(73)] ReadMemory at 0x1f0762a5da0 of 62 bytes failed: ReadProcessMemory 要求または WriteProcessMemory 要求の一部だけを完了しました。 (0x12B)
[0801/141710.218:ERROR:process_memory_win.cc(73)] ReadMemory at 0x1f0762a6480 of 60 bytes failed: ReadProcessMemory 要求または WriteProcessMemory 要求の一部だけを完了しました。 (0x12B)
[0801/141710.218:ERROR:process_memory_win.cc(73)] ReadMemory at 0x1f0762a6570 of 60 bytes failed: ReadProcessMemory 要求または WriteProcessMemory 要求の一部だけを完了しました。 (0x12B)
[0801/141710.218:ERROR:process_memory_win.cc(73)] ReadMemory at 0x1f0762a69d0 of 62 bytes failed: ReadProcessMemory 要求または WriteProcessMemory 要求の一部だけを完了しました。 (0x12B)
[0801/141710.218:ERROR:process_memory_win.cc(73)] ReadMemory at 0x1f0762a75c0 of 76 bytes failed: ReadProcessMemory 要求または WriteProcessMemory 要求の一部だけを完了しました。 (0x12B)
[0801/141710.218:ERROR:process_memory_win.cc(73)] ReadMemory at 0x1f0762a7860 of 80 bytes failed: ReadProcessMemory 要求または WriteProcessMemory 要求の一部だけを完了しました。 (0x12B)
[0801/141710.218:ERROR:process_memory_win.cc(73)] ReadMemory at 0x1f0762a7ce0 of 80 bytes failed: ReadProcessMemory 要求または WriteProcessMemory 要求の一部だけを完了しました。 (0x12B)
[0801/141710.218:ERROR:process_memory_win.cc(73)] ReadMemory at 0x1f0762a8e00 of 132 bytes failed: ReadProcessMemory 要求または WriteProcessMemory 要求の一部だけを完了しました。 (0x12B)
[0801/141710.218:ERROR:process_memory_win.cc(73)] ReadMemory at 0x1f0762a8ff0 of 66 bytes failed: ReadProcessMemory 要求または WriteProcessMemory 要求の一部だけを完了しました。 (0x12B)
[0801/141710.218:ERROR:process_memory_win.cc(73)] ReadMemory at 0x1f0762a9040 of 62 bytes failed: ReadProcessMemory 要求または WriteProcessMemory 要求の一部だけを完了しました。 (0x12B)
[0801/141710.218:ERROR:process_memory_win.cc(73)] ReadMemory at 0x1f0762a9090 of 60 bytes failed: ReadProcessMemory 要求または WriteProcessMemory 要求の一部だけを完了しました。 (0x12B)
[0801/141710.218:ERROR:process_memory_win.cc(73)] ReadMemory at 0x1f0762a9180 of 64 bytes failed: ReadProcessMemory 要求または WriteProcessMemory 要求の一部だけを完了しました。 (0x12B)
[0801/141710.218:ERROR:process_memory_win.cc(73)] ReadMemory at 0x1f0762a9270 of 62 bytes failed: ReadProcessMemory 要求または WriteProcessMemory 要求の一部だけを完了しました。 (0x12B)
[0801/141710.218:ERROR:process_memory_win.cc(73)] ReadMemory at 0x1f0762a92c0 of 60 bytes failed: ReadProcessMemory 要求または WriteProcessMemory 要求の一部だけを完了しました。 (0x12B)
[0801/141710.218:ERROR:process_memory_win.cc(73)] ReadMemory at 0x1f0762a9540 of 64 bytes failed: ReadProcessMemory 要求または WriteProcessMemory 要求の一部だけを完了しました。 (0x12B)
[0801/141710.218:ERROR:process_memory_win.cc(73)] ReadMemory at 0x1f0762a9590 of 60 bytes failed: ReadProcessMemory 要求または WriteProcessMemory 要求の一部だけを完了しました。 (0x12B)
[0801/141710.218:ERROR:process_memory_win.cc(73)] ReadMemory at 0x1f0762a95e0 of 60 bytes failed: ReadProcessMemory 要求または WriteProcessMemory 要求の一部だけを完了しました。 (0x12B)
[0801/141710.219:ERROR:process_memory_win.cc(73)] ReadMemory at 0x1f0762a9630 of 62 bytes failed: ReadProcessMemory 要求または WriteProcessMemory 要求の一部だけを完了しました。 (0x12B)
[0801/141710.219:ERROR:process_memory_win.cc(73)] ReadMemory at 0x1f0762a96d0 of 58 bytes failed: ReadProcessMemory 要求または WriteProcessMemory 要求の一部だけを完了しました。 (0x12B)
[0801/141710.219:ERROR:process_memory_win.cc(73)] ReadMemory at 0x1f0762a9770 of 64 bytes failed: ReadProcessMemory 要求または WriteProcessMemory 要求の一部だけを完了しました。 (0x12B)
[0801/141710.219:ERROR:process_memory_win.cc(73)] ReadMemory at 0x1f0762a97c0 of 64 bytes failed: ReadProcessMemory 要求または WriteProcessMemory 要求の一部だけを完了しました。 (0x12B)
[0801/141710.219:ERROR:process_memory_win.cc(73)] ReadMemory at 0x1f0762a9810 of 60 bytes failed: ReadProcessMemory 要求または WriteProcessMemory 要求の一部だけを完了しました。 (0x12B)
[0801/141710.219:ERROR:process_memory_win.cc(73)] ReadMemory at 0x1f0762a9860 of 62 bytes failed: ReadProcessMemory 要求または WriteProcessMemory 要求の一部だけを完了しました。 (0x12B)
[0801/141710.219:ERROR:process_memory_win.cc(73)] ReadMemory at 0x1f0762a99f0 of 60 bytes failed: ReadProcessMemory 要求または WriteProcessMemory 要求の一部だけを完了しました。 (0x12B)
[0801/141710.219:ERROR:process_memory_win.cc(73)] ReadMemory at 0x1f0762a9a40 of 66 bytes failed: ReadProcessMemory 要求または WriteProcessMemory 要求の一部だけを完了しました。 (0x12B)
[0801/141710.219:ERROR:process_memory_win.cc(73)] ReadMemory at 0x1f0762a9a90 of 62 bytes failed: ReadProcessMemory 要求または WriteProcessMemory 要求の一部だけを完了しました。 (0x12B)
[0801/141710.219:ERROR:process_memory_win.cc(73)] ReadMemory at 0x1f0762a9ae0 of 62 bytes failed: ReadProcessMemory 要求または WriteProcessMemory 要求の一部だけを完了しました。 (0x12B)
[0801/141710.219:ERROR:process_memory_win.cc(73)] ReadMemory at 0x1f0762a9b30 of 62 bytes failed: ReadProcessMemory 要求または WriteProcessMemory 要求の一部だけを完了しました。 (0x12B)
[0801/141710.219:ERROR:process_memory_win.cc(73)] ReadMemory at 0x1f0762a9bd0 of 64 bytes failed: ReadProcessMemory 要求または WriteProcessMemory 要求の一部だけを完了しました。 (0x12B)
[0801/141710.219:ERROR:process_memory_win.cc(73)] ReadMemory at 0x1f0762a9cc0 of 64 bytes failed: ReadProcessMemory 要求または WriteProcessMemory 要求の一部だけを完了しました。 (0x12B)
[0801/141710.219:ERROR:process_memory_win.cc(73)] ReadMemory at 0x1f0762a9d10 of 60 bytes failed: ReadProcessMemory 要求または WriteProcessMemory 要求の一部だけを完了しました。 (0x12B)
[0801/141710.219:ERROR:process_memory_win.cc(73)] ReadMemory at 0x1f0762a9d60 of 62 bytes failed: ReadProcessMemory 要求または WriteProcessMemory 要求の一部だけを完了しました。 (0x12B)
[0801/141710.219:ERROR:process_memory_win.cc(73)] ReadMemory at 0x1f0762a9e00 of 64 bytes failed: ReadProcessMemory 要求または WriteProcessMemory 要求の一部だけを完了しました。 (0x12B)
[0801/141710.220:ERROR:process_memory_win.cc(73)] ReadMemory at 0x1f0762a9f40 of 64 bytes failed: ReadProcessMemory 要求または WriteProcessMemory 要求の一部だけを完了しました。 (0x12B)
[0801/141710.220:ERROR:process_memory_win.cc(73)] ReadMemory at 0x1f0762abfd0 of 132 bytes failed: ReadProcessMemory 要求または WriteProcessMemory 要求の一部だけを完了しました。 (0x12B)
[0801/141710.220:ERROR:process_memory_win.cc(73)] ReadMemory at 0x1f0762ac1f0 of 132 bytes failed: ReadProcessMemory 要求または WriteProcessMemory 要求の一部だけを完了しました。 (0x12B)
[0801/141710.220:ERROR:process_memory_win.cc(73)] ReadMemory at 0x1f0762ac5c0 of 132 bytes failed: ReadProcessMemory 要求または WriteProcessMemory 要求の一部だけを完了しました。 (0x12B)
[0801/141710.220:ERROR:process_memory_win.cc(73)] ReadMemory at 0x1f0762adc10 of 132 bytes failed: ReadProcessMemory 要求または WriteProcessMemory 要求の一部だけを完了しました。 (0x12B)
[0801/141710.220:ERROR:process_memory_win.cc(73)] ReadMemory at 0x1f0762ade20 of 132 bytes failed: ReadProcessMemory 要求または WriteProcessMemory 要求の一部だけを完了しました。 (0x12B)
[0801/141710.220:ERROR:process_memory_win.cc(73)] ReadMemory at 0x1f0762b1160 of 132 bytes failed: ReadProcessMemory 要求または WriteProcessMemory 要求の一部だけを完了しました。 (0x12B)
[0801/141710.220:ERROR:process_memory_win.cc(73)] ReadMemory at 0x1f0762b3a30 of 132 bytes failed: ReadProcessMemory 要求または WriteProcessMemory 要求の一部だけを完了しました。 (0x12B)
[0801/141710.220:ERROR:process_memory_win.cc(73)] ReadMemory at 0x1f0762b3b60 of 132 bytes failed: ReadProcessMemory 要求または WriteProcessMemory 要求の一部だけを完了しました。 (0x12B)
[0801/141710.220:ERROR:process_memory_win.cc(73)] ReadMemory at 0x1f0762b3dc0 of 132 bytes failed: ReadProcessMemory 要求または WriteProcessMemory 要求の一部だけを完了しました。 (0x12B)
[0801/141710.220:ERROR:process_memory_win.cc(73)] ReadMemory at 0x1f0762b4150 of 132 bytes failed: ReadProcessMemory 要求または WriteProcessMemory 要求の一部だけを完了しました。 (0x12B)
[0801/141710.220:ERROR:process_memory_win.cc(73)] ReadMemory at 0x1f0762b4280 of 132 bytes failed: ReadProcessMemory 要求または WriteProcessMemory 要求の一部だけを完了しました。 (0x12B)
[0801/141710.220:ERROR:process_memory_win.cc(73)] ReadMemory at 0x1f0762b49a0 of 132 bytes failed: ReadProcessMemory 要求または WriteProcessMemory 要求の一部だけを完了しました。 (0x12B)
[0801/141710.220:ERROR:process_memory_win.cc(73)] ReadMemory at 0x1f0762b50c0 of 132 bytes failed: ReadProcessMemory 要求または WriteProcessMemory 要求の一部だけを完了しました。 (0x12B)
[0801/141710.220:ERROR:process_memory_win.cc(73)] ReadMemory at 0x1f0762b51f0 of 132 bytes failed: ReadProcessMemory 要求または WriteProcessMemory 要求の一部だけを完了しました。 (0x12B)
[0801/141710.220:ERROR:process_memory_win.cc(73)] ReadMemory at 0x1f0762b5320 of 132 bytes failed: ReadProcessMemory 要求または WriteProcessMemory 要求の一部だけを完了しました。 (0x12B)
[0801/141710.220:ERROR:process_memory_win.cc(73)] ReadMemory at 0x1f0762b5450 of 132 bytes failed: ReadProcessMemory 要求または WriteProcessMemory 要求の一部だけを完了しました。 (0x12B)
[0801/141710.220:ERROR:process_memory_win.cc(73)] ReadMemory at 0x1f0762b56b0 of 132 bytes failed: ReadProcessMemory 要求または WriteProcessMemory 要求の一部だけを完了しました。 (0x12B)
[0801/141710.221:ERROR:process_memory_win.cc(73)] ReadMemory at 0x1f0762bc230 of 48 bytes failed: ReadProcessMemory 要求または WriteProcessMemory 要求の一部だけを完了しました。 (0x12B)
[0801/141710.221:ERROR:process_memory_win.cc(73)] ReadMemory at 0x1f0762bc270 of 48 bytes failed: ReadProcessMemory 要求または WriteProcessMemory 要求の一部だけを完了しました。 (0x12B)
[0801/141710.221:ERROR:process_memory_win.cc(73)] ReadMemory at 0x1f0762f9940 of 124 bytes failed: ReadProcessMemory 要求または WriteProcessMemory 要求の一部だけを完了しました。 (0x12B)
[0801/141710.221:ERROR:process_memory_win.cc(73)] ReadMemory at 0x1f076302b40 of 512 bytes failed: ReadProcessMemory 要求または WriteProcessMemory 要求の一部だけを完了しました。 (0x12B)
[0801/141710.221:ERROR:process_memory_win.cc(73)] ReadMemory at 0x1f07630b0a0 of 512 bytes failed: ReadProcessMemory 要求または WriteProcessMemory 要求の一部だけを完了しました。 (0x12B)
[0801/141710.221:ERROR:process_memory_win.cc(73)] ReadMemory at 0x1f07630c820 of 512 bytes failed: ReadProcessMemory 要求または WriteProcessMemory 要求の一部だけを完了しました。 (0x12B)
[0801/141710.221:ERROR:process_memory_win.cc(73)] ReadMemory at 0x1f0763152f0 of 512 bytes failed: ReadProcessMemory 要求または WriteProcessMemory 要求の一部だけを完了しました。 (0x12B)
[0801/141710.221:ERROR:process_memory_win.cc(73)] ReadMemory at 0x1f076315dc0 of 512 bytes failed: ReadProcessMemory 要求または WriteProcessMemory 要求の一部だけを完了しました。 (0x12B)
[0801/141710.221:ERROR:process_memory_win.cc(73)] ReadMemory at 0x1f076321770 of 512 bytes failed: ReadProcessMemory 要求または WriteProcessMemory 要求の一部だけを完了しました。 (0x12B)
[0801/141710.221:ERROR:process_memory_win.cc(73)] ReadMemory at 0x1f0763303d0 of 512 bytes failed: ReadProcessMemory 要求または WriteProcessMemory 要求の一部だけを完了しました。 (0x12B)
[0801/141710.221:ERROR:process_memory_win.cc(73)] ReadMemory at 0x1f076342860 of 712 bytes failed: ReadProcessMemory 要求または WriteProcessMemory 要求の一部だけを完了しました。 (0x12B)
[0801/141710.221:ERROR:process_memory_win.cc(73)] ReadMemory at 0x1f076342d54 of 512 bytes failed: ReadProcessMemory 要求または WriteProcessMemory 要求の一部だけを完了しました。 (0x12B)
[0801/141710.221:ERROR:process_memory_win.cc(73)] ReadMemory at 0x1f07635da14 of 512 bytes failed: ReadProcessMemory 要求または WriteProcessMemory 要求の一部だけを完了しました。 (0x12B)
[0801/141710.221:ERROR:process_memory_win.cc(73)] ReadMemory at 0x1f07636c4e0 of 512 bytes failed: ReadProcessMemory 要求または WriteProcessMemory 要求の一部だけを完了しました。 (0x12B)
[0801/141710.221:ERROR:process_memory_win.cc(73)] ReadMemory at 0x1f0767702c0 of 40 bytes failed: ReadProcessMemory 要求または WriteProcessMemory 要求の一部だけを完了しました。 (0x12B)
[0801/141710.222:ERROR:process_memory_win.cc(73)] ReadMemory at 0x1f077f0b050 of 512 bytes failed: ReadProcessMemory 要求または WriteProcessMemory 要求の一部だけを完了しました。 (0x12B)
[0801/141710.222:ERROR:process_memory_win.cc(73)] ReadMemory at 0x1f077f0b2a0 of 40 bytes failed: ReadProcessMemory 要求または WriteProcessMemory 要求の一部だけを完了しました。 (0x12B)
[0801/141710.222:ERROR:process_memory_win.cc(73)] ReadMemory at 0x1f077f24582 of 512 bytes failed: ReadProcessMemory 要求または WriteProcessMemory 要求の一部だけを完了しました。 (0x12B)
[0801/141710.222:ERROR:process_memory_win.cc(73)] ReadMemory at 0x1f077f29580 of 512 bytes failed: ReadProcessMemory 要求または WriteProcessMemory 要求の一部だけを完了しました。 (0x12B)
[0801/141710.222:ERROR:process_memory_win.cc(73)] ReadMemory at 0x1f078de3140 of 512 bytes failed: ReadProcessMemory 要求または WriteProcessMemory 要求の一部だけを完了しました。 (0x12B)
[0801/141710.222:ERROR:process_memory_win.cc(73)] ReadMemory at 0x7ff9017da230 of 40 bytes failed: ReadProcessMemory 要求または WriteProcessMemory 要求の一部だけを完了しました。 (0x12B)
[0801/141710.222:ERROR:process_memory_win.cc(73)] ReadMemory at 0x7ff938b98cb0 of 40 bytes failed: ReadProcessMemory 要求または WriteProcessMemory 要求の一部だけを完了しました。 (0x12B)
[0801/141710.222:ERROR:process_memory_win.cc(73)] ReadMemory at 0x7ff938d5a719 of 512 bytes failed: ReadProcessMemory 要求または WriteProcessMemory 要求の一部だけを完了しました。 (0x12B)
[0801/141710.222:ERROR:process_memory_win.cc(73)] ReadMemory at 0x7ff938f8c720 of 512 bytes failed: ReadProcessMemory 要求または WriteProcessMemory 要求の一部だけを完了しました。 (0x12B)
[0801/141710.222:ERROR:process_memory_win.cc(73)] ReadMemory at 0x7ff93a5d7b54 of 512 bytes failed: ReadProcessMemory 要求または WriteProcessMemory 要求の一部だけを完了しました。 (0x12B)
[0801/141710.222:ERROR:process_memory_win.cc(73)] ReadMemory at 0x7ff93a5e1f80 of 512 bytes failed: ReadProcessMemory 要求または WriteProcessMemory 要求の一部だけを完了しました。 (0x12B)
[0801/141710.222:ERROR:process_memory_win.cc(73)] ReadMemory at 0x7ff93be3c074 of 832 bytes failed: ReadProcessMemory 要求または WriteProcessMemory 要求の一部だけを完了しました。 (0x12B)
[0801/141710.222:ERROR:process_memory_win.cc(73)] ReadMemory at 0x7ff93be3f924 of 608 bytes failed: ReadProcessMemory 要求または WriteProcessMemory 要求の一部だけを完了しました。 (0x12B)
[0801/141710.222:ERROR:process_memory_win.cc(73)] ReadMemory at 0x7ff93becc428 of 18 bytes failed: ReadProcessMemory 要求または WriteProcessMemory 要求の一部だけを完了しました。 (0x12B)
[0801/141710.222:ERROR:process_memory_win.cc(73)] ReadMemory at 0x7ff93beff4f8 of 40 bytes failed: ReadProcessMemory 要求または WriteProcessMemory 要求の一部だけを完了しました。 (0x12B)
[0801/141710.222:ERROR:process_memory_win.cc(73)] ReadMemory at 0x7ff93beff560 of 48 bytes failed: ReadProcessMemory 要求または WriteProcessMemory 要求の一部だけを完了しました。 (0x12B)
[0801/141710.223:ERROR:process_memory_win.cc(73)] ReadMemory at 0x7ff93beff978 of 48 bytes failed: ReadProcessMemory 要求または WriteProcessMemory 要求の一部だけを完了しました。 (0x12B)
[0801/141710.223:ERROR:process_memory_win.cc(73)] ReadMemory at 0x7ff93bf03be0 of 40 bytes failed: ReadProcessMemory 要求または WriteProcessMemory 要求の一部だけを完了しました。 (0x12B)
[0801/141710.223:ERROR:process_memory_win.cc(73)] ReadMemory at 0x7ff93bf03d40 of 336 bytes failed: ReadProcessMemory 要求または WriteProcessMemory 要求の一部だけを完了しました。 (0x12B)
[0801/141710.223:ERROR:process_memory_win.cc(73)] ReadMemory at 0x7ff93bf053c0 of 64 bytes failed: ReadProcessMemory 要求または WriteProcessMemory 要求の一部だけを完了しました。 (0x12B)
[0801/141710.224:ERROR:scoped_process_suspend.cc(40)] NtResumeProcess: 既存のプロセスにアクセスしようとしました。 (0xc000010a)
